# project ns (3-dev) configured on Mon May  7 09:04:03 2018 by
# waf 1.8.12 (abi 98, python 2070ef0 on linux2)
# using ./waf configure
#
----------------------------------------
Setting top to
/home/harnen/work/ucl/timers/ns-3
----------------------------------------
Setting out to
/home/harnen/work/ucl/timers/ns-3/build
----------------------------------------
Checking for 'gcc' (C compiler)
find program=['gcc', 'cc'] paths=['/home/harnen/.yarn/bin', '/usr/local/sbin', '/usr/local/bin', '/usr/sbin', '/usr/bin', '/sbin', '/bin', '/usr/games', '/usr/local/games', '/snap/bin', '/home/harnen/Downloads/eclipse', '/home/harnen/go/bin', '/usr/local/go/bin', '/home/harnen/work/ucl/blockchain/node-v6.11.0-linux-x64/bin', '/home/harnen/Desktop/SGX/sgxsdk/bin', '/home/harnen/Desktop/SGX/sgxsdk/bin/x64'] var='CC' -> ['/usr/bin/gcc']
find program=['ar'] paths=['/home/harnen/.yarn/bin', '/usr/local/sbin', '/usr/local/bin', '/usr/sbin', '/usr/bin', '/sbin', '/bin', '/usr/games', '/usr/local/games', '/snap/bin', '/home/harnen/Downloads/eclipse', '/home/harnen/go/bin', '/usr/local/go/bin', '/home/harnen/work/ucl/blockchain/node-v6.11.0-linux-x64/bin', '/home/harnen/Desktop/SGX/sgxsdk/bin', '/home/harnen/Desktop/SGX/sgxsdk/bin/x64'] var='AR' -> ['/usr/bin/ar']
/usr/bin/gcc
----------------------------------------
Checking for cc version
7.2.0
----------------------------------------
Checking for 'g++' (C++ compiler)
find program=['g++', 'c++'] paths=['/home/harnen/.yarn/bin', '/usr/local/sbin', '/usr/local/bin', '/usr/sbin', '/usr/bin', '/sbin', '/bin', '/usr/games', '/usr/local/games', '/snap/bin', '/home/harnen/Downloads/eclipse', '/home/harnen/go/bin', '/usr/local/go/bin', '/home/harnen/work/ucl/blockchain/node-v6.11.0-linux-x64/bin', '/home/harnen/Desktop/SGX/sgxsdk/bin', '/home/harnen/Desktop/SGX/sgxsdk/bin/x64'] var='CXX' -> ['/usr/bin/g++']
(tool ar is already loaded, skipping)
/usr/bin/g++
----------------------------------------
Checking supported compiler CXXFLAGS
==>

int main(int argc, char **argv) {
	(void)argc; (void)argv;
	return 0;
}

<==
[1/2] Compiling [32mbuild/.conf_check_da00e76a097359d11b45091eebecc0ff/test.cpp[0m

['/usr/bin/g++', '-Werror', '-std=c++0x', '../test.cpp', '-c', '-o', '/home/harnen/work/ucl/timers/ns-3/build/.conf_check_da00e76a097359d11b45091eebecc0ff/testbuild/test.cpp.1.o']
[2/2] Linking [33mbuild/.conf_check_da00e76a097359d11b45091eebecc0ff/testbuild/testprog[0m

['/usr/bin/g++', 'test.cpp.1.o', '-o', '/home/harnen/work/ucl/timers/ns-3/build/.conf_check_da00e76a097359d11b45091eebecc0ff/testbuild/testprog', '-Wl,-Bstatic', '-Wl,-Bdynamic']
==>

int main(int argc, char **argv) {
	(void)argc; (void)argv;
	return 0;
}

<==
[1/2] Compiling [32mbuild/.conf_check_4cb63033cda2e3d3aa722c5d8f6f7a32/test.cpp[0m

['/usr/bin/g++', '-Werror', '-std=c++11', '../test.cpp', '-c', '-o', '/home/harnen/work/ucl/timers/ns-3/build/.conf_check_4cb63033cda2e3d3aa722c5d8f6f7a32/testbuild/test.cpp.1.o']
[2/2] Linking [33mbuild/.conf_check_4cb63033cda2e3d3aa722c5d8f6f7a32/testbuild/testprog[0m

['/usr/bin/g++', 'test.cpp.1.o', '-o', '/home/harnen/work/ucl/timers/ns-3/build/.conf_check_4cb63033cda2e3d3aa722c5d8f6f7a32/testbuild/testprog', '-Wl,-Bstatic', '-Wl,-Bdynamic']
-std=c++0x -std=c++11
-----------------------------------------
Checking supported optimizations CXXFLAGS
==>

int main(int argc, char **argv) {
	(void)argc; (void)argv;
	return 0;
}

<==
[1/2] Compiling [32mbuild/.conf_check_a71fb2ee8c4746591a940d68cf8a0620/test.cpp[0m

['/usr/bin/g++', '-Werror', '-O0', '../test.cpp', '-c', '-o', '/home/harnen/work/ucl/timers/ns-3/build/.conf_check_a71fb2ee8c4746591a940d68cf8a0620/testbuild/test.cpp.1.o']
[2/2] Linking [33mbuild/.conf_check_a71fb2ee8c4746591a940d68cf8a0620/testbuild/testprog[0m

['/usr/bin/g++', 'test.cpp.1.o', '-o', '/home/harnen/work/ucl/timers/ns-3/build/.conf_check_a71fb2ee8c4746591a940d68cf8a0620/testbuild/testprog', '-Wl,-Bstatic', '-Wl,-Bdynamic']
-O0
-----------------------------------------
Checking supported debug CXXFLAGS
==>

int main(int argc, char **argv) {
	(void)argc; (void)argv;
	return 0;
}

<==
[1/2] Compiling [32mbuild/.conf_check_0bd477af55c5afafc890a8fcfca54a43/test.cpp[0m

['/usr/bin/g++', '-Werror', '-ggdb', '../test.cpp', '-c', '-o', '/home/harnen/work/ucl/timers/ns-3/build/.conf_check_0bd477af55c5afafc890a8fcfca54a43/testbuild/test.cpp.1.o']
[2/2] Linking [33mbuild/.conf_check_0bd477af55c5afafc890a8fcfca54a43/testbuild/testprog[0m

['/usr/bin/g++', 'test.cpp.1.o', '-o', '/home/harnen/work/ucl/timers/ns-3/build/.conf_check_0bd477af55c5afafc890a8fcfca54a43/testbuild/testprog', '-Wl,-Bstatic', '-Wl,-Bdynamic']
==>

int main(int argc, char **argv) {
	(void)argc; (void)argv;
	return 0;
}

<==
[1/2] Compiling [32mbuild/.conf_check_d7be919b09cec6c7cedb870fb705a5f9/test.cpp[0m

['/usr/bin/g++', '-Werror', '-g3', '../test.cpp', '-c', '-o', '/home/harnen/work/ucl/timers/ns-3/build/.conf_check_d7be919b09cec6c7cedb870fb705a5f9/testbuild/test.cpp.1.o']
[2/2] Linking [33mbuild/.conf_check_d7be919b09cec6c7cedb870fb705a5f9/testbuild/testprog[0m

['/usr/bin/g++', 'test.cpp.1.o', '-o', '/home/harnen/work/ucl/timers/ns-3/build/.conf_check_d7be919b09cec6c7cedb870fb705a5f9/testbuild/testprog', '-Wl,-Bstatic', '-Wl,-Bdynamic']
-ggdb -g3
-----------------------------------------
Checking supported warnings CXXFLAGS
==>

int main(int argc, char **argv) {
	(void)argc; (void)argv;
	return 0;
}

<==
[1/2] Compiling [32mbuild/.conf_check_b0b747e7cb278dbe94b99e954acc3d47/test.cpp[0m

['/usr/bin/g++', '-Werror', '-Wall', '../test.cpp', '-c', '-o', '/home/harnen/work/ucl/timers/ns-3/build/.conf_check_b0b747e7cb278dbe94b99e954acc3d47/testbuild/test.cpp.1.o']
[2/2] Linking [33mbuild/.conf_check_b0b747e7cb278dbe94b99e954acc3d47/testbuild/testprog[0m

['/usr/bin/g++', 'test.cpp.1.o', '-o', '/home/harnen/work/ucl/timers/ns-3/build/.conf_check_b0b747e7cb278dbe94b99e954acc3d47/testbuild/testprog', '-Wl,-Bstatic', '-Wl,-Bdynamic']
==>

int main(int argc, char **argv) {
	(void)argc; (void)argv;
	return 0;
}

<==
[1/2] Compiling [32mbuild/.conf_check_5ab58cf99499492fa5cba7b671fd5cc5/test.cpp[0m

['/usr/bin/g++', '-Werror', '-Wno-error=deprecated-declarations', '../test.cpp', '-c', '-o', '/home/harnen/work/ucl/timers/ns-3/build/.conf_check_5ab58cf99499492fa5cba7b671fd5cc5/testbuild/test.cpp.1.o']
[2/2] Linking [33mbuild/.conf_check_5ab58cf99499492fa5cba7b671fd5cc5/testbuild/testprog[0m

['/usr/bin/g++', 'test.cpp.1.o', '-o', '/home/harnen/work/ucl/timers/ns-3/build/.conf_check_5ab58cf99499492fa5cba7b671fd5cc5/testbuild/testprog', '-Wl,-Bstatic', '-Wl,-Bdynamic']
==>

int main(int argc, char **argv) {
	(void)argc; (void)argv;
	return 0;
}

<==
[1/2] Compiling [32mbuild/.conf_check_0fc2f6a0e289c6f7e2892f7a8e4a96cd/test.cpp[0m

['/usr/bin/g++', '-Werror', '-fstrict-aliasing', '../test.cpp', '-c', '-o', '/home/harnen/work/ucl/timers/ns-3/build/.conf_check_0fc2f6a0e289c6f7e2892f7a8e4a96cd/testbuild/test.cpp.1.o']
[2/2] Linking [33mbuild/.conf_check_0fc2f6a0e289c6f7e2892f7a8e4a96cd/testbuild/testprog[0m

['/usr/bin/g++', 'test.cpp.1.o', '-o', '/home/harnen/work/ucl/timers/ns-3/build/.conf_check_0fc2f6a0e289c6f7e2892f7a8e4a96cd/testbuild/testprog', '-Wl,-Bstatic', '-Wl,-Bdynamic']
==>

int main(int argc, char **argv) {
	(void)argc; (void)argv;
	return 0;
}

<==
[1/2] Compiling [32mbuild/.conf_check_a6609bd0171d5b8457d48b7ed2ac3550/test.cpp[0m

['/usr/bin/g++', '-Werror', '-Wstrict-aliasing', '../test.cpp', '-c', '-o', '/home/harnen/work/ucl/timers/ns-3/build/.conf_check_a6609bd0171d5b8457d48b7ed2ac3550/testbuild/test.cpp.1.o']
[2/2] Linking [33mbuild/.conf_check_a6609bd0171d5b8457d48b7ed2ac3550/testbuild/testprog[0m

['/usr/bin/g++', 'test.cpp.1.o', '-o', '/home/harnen/work/ucl/timers/ns-3/build/.conf_check_a6609bd0171d5b8457d48b7ed2ac3550/testbuild/testprog', '-Wl,-Bstatic', '-Wl,-Bdynamic']
-Wall -Wno-error=deprecated-declarations -fstrict-aliasing -Wstrict-aliasing
---------------------------------------------------------
Checking for compilation flag -Wl,--soname=foo... support
==>
int main() { return 0; }
<==
[1/1] Compiling [32mbuild/.conf_check_8fc73b4adb645a8fa05e6580fa7cb3c8/test.cpp[0m

['/usr/bin/g++', '-std=c++0x', '-std=c++11', '-O0', '-ggdb', '-g3', '-Wall', '-Wno-error=deprecated-declarations', '-fstrict-aliasing', '-Wstrict-aliasing', '-Wl,--soname=foo', '-DNS3_BUILD_PROFILE_DEBUG', '-DNS3_ASSERT_ENABLE', '-DNS3_LOG_ENABLE', '../test.cpp', '-c', '-o', '/home/harnen/work/ucl/timers/ns-3/build/.conf_check_8fc73b4adb645a8fa05e6580fa7cb3c8/testbuild/test.cpp.1.o']
ok
---------------------------------------------------------
Checking for program 'python'
/usr/bin/python
find program=['python'] paths=['/home/harnen/.yarn/bin', '/usr/local/sbin', '/usr/local/bin', '/usr/sbin', '/usr/bin', '/sbin', '/bin', '/usr/games', '/usr/local/games', '/snap/bin', '/home/harnen/Downloads/eclipse', '/home/harnen/go/bin', '/usr/local/go/bin', '/home/harnen/work/ucl/blockchain/node-v6.11.0-linux-x64/bin', '/home/harnen/Desktop/SGX/sgxsdk/bin', '/home/harnen/Desktop/SGX/sgxsdk/bin/x64'] var='PYTHON' -> ['/usr/bin/python']
['/usr/bin/python', '-c', 'import imp;print(imp.get_tag())']
err: Traceback (most recent call last):
  File "<string>", line 1, in <module>
AttributeError: 'module' object has no attribute 'get_tag'

['/usr/bin/python', '-c', 'import sys\nfor x in sys.version_info: print(str(x))']
out: 2
7
14
final
0

['/usr/bin/python', '-c', "from distutils.sysconfig import get_config_var, get_python_lib\n\nprint(repr(get_python_lib(standard_lib=0, prefix='/usr/local') or ''))"]
out: '/usr/local/lib/python2.7/dist-packages'

'/usr/local/lib/python2.7/dist-packages'

['/usr/bin/python', '-c', "from distutils.sysconfig import get_config_var, get_python_lib\n\nprint(repr(get_python_lib(plat_specific=1, standard_lib=0, prefix='/usr/local') or ''))"]
out: '/usr/local/lib/python2.7/dist-packages'

'/usr/local/lib/python2.7/dist-packages'

---------------------------------------------------------
Checking for python version
(2, 7, 14, 'final', 0)
['/usr/bin/python', '-c', "from distutils.sysconfig import get_config_var, get_python_lib\n\nprint(repr(get_config_var('prefix') or ''))\nprint(repr(get_config_var('SO') or ''))\nprint(repr(get_config_var('LDFLAGS') or ''))\nprint(repr(get_config_var('LIBDIR') or ''))\nprint(repr(get_config_var('LIBPL') or ''))\nprint(repr(get_config_var('INCLUDEPY') or ''))\nprint(repr(get_config_var('Py_ENABLE_SHARED') or ''))\nprint(repr(get_config_var('MACOSX_DEPLOYMENT_TARGET') or ''))\nprint(repr(get_config_var('LDSHARED') or ''))\nprint(repr(get_config_var('CFLAGS') or ''))\nprint(repr(get_config_var('LDVERSION') or ''))"]
out: '/usr'
'.so'
'-Wl,-Bsymbolic-functions -Wl,-z,relro'
'/usr/lib'
'/usr/lib/python2.7/config-x86_64-linux-gnu'
'/usr/include/python2.7'
1
''
'x86_64-linux-gnu-gcc -pthread -shared -Wl,-O1 -Wl,-Bsymbolic-functions -Wl,-Bsymbolic-functions -Wl,-z,relro -fno-strict-aliasing -DNDEBUG -g -fwrapv -O2 -Wall -Wstrict-prototypes -Wdate-time -D_FORTIFY_SOURCE=2 -g -fdebug-prefix-map=/build/python2.7-l1RrwO/python2.7-2.7.14=. -fstack-protector-strong -Wformat -Werror=format-security  '
'-fno-strict-aliasing -DNDEBUG -g -fwrapv -O2 -Wall -Wstrict-prototypes -Wdate-time -D_FORTIFY_SOURCE=2 -g -fdebug-prefix-map=/build/python2.7-l1RrwO/python2.7-2.7.14=. -fstack-protector-strong -Wformat -Werror=format-security  '
''

'/usr'
'.so'
'-Wl,-Bsymbolic-functions -Wl,-z,relro'
'/usr/lib'
'/usr/lib/python2.7/config-x86_64-linux-gnu'
'/usr/include/python2.7'
1
''
'x86_64-linux-gnu-gcc -pthread -shared -Wl,-O1 -Wl,-Bsymbolic-functions -Wl,-Bsymbolic-functions -Wl,-z,relro -fno-strict-aliasing -DNDEBUG -g -fwrapv -O2 -Wall -Wstrict-prototypes -Wdate-time -D_FORTIFY_SOURCE=2 -g -fdebug-prefix-map=/build/python2.7-l1RrwO/python2.7-2.7.14=. -fstack-protector-strong -Wformat -Werror=format-security  '
'-fno-strict-aliasing -DNDEBUG -g -fwrapv -O2 -Wall -Wstrict-prototypes -Wdate-time -D_FORTIFY_SOURCE=2 -g -fdebug-prefix-map=/build/python2.7-l1RrwO/python2.7-2.7.14=. -fstack-protector-strong -Wformat -Werror=format-security  '
''

Configuration returned from ['/usr/bin/python']:
prefix = '/usr'
SO = '.so'
LDFLAGS = '-Wl,-Bsymbolic-functions -Wl,-z,relro'
LIBDIR = '/usr/lib'
LIBPL = '/usr/lib/python2.7/config-x86_64-linux-gnu'
INCLUDEPY = '/usr/include/python2.7'
Py_ENABLE_SHARED = 1
MACOSX_DEPLOYMENT_TARGET = ''
LDSHARED = 'x86_64-linux-gnu-gcc -pthread -shared -Wl,-O1 -Wl,-Bsymbolic-functions -Wl,-Bsymbolic-functions -Wl,-z,relro -fno-strict-aliasing -DNDEBUG -g -fwrapv -O2 -Wall -Wstrict-prototypes -Wdate-time -D_FORTIFY_SOURCE=2 -g -fdebug-prefix-map=/build/python2.7-l1RrwO/python2.7-2.7.14=. -fstack-protector-strong -Wformat -Werror=format-security  '
CFLAGS = '-fno-strict-aliasing -DNDEBUG -g -fwrapv -O2 -Wall -Wstrict-prototypes -Wdate-time -D_FORTIFY_SOURCE=2 -g -fdebug-prefix-map=/build/python2.7-l1RrwO/python2.7-2.7.14=. -fstack-protector-strong -Wformat -Werror=format-security  '
LDVERSION = ''

---------------------------------------------------------
python-config
/usr/bin/python-config
find program=['/usr/bin/python-config', 'python2.7-config', 'python-config-2.7', 'python2.7m-config'] paths=['/home/harnen/.yarn/bin', '/usr/local/sbin', '/usr/local/bin', '/usr/sbin', '/usr/bin', '/sbin', '/bin', '/usr/games', '/usr/local/games', '/snap/bin', '/home/harnen/Downloads/eclipse', '/home/harnen/go/bin', '/usr/local/go/bin', '/home/harnen/work/ucl/blockchain/node-v6.11.0-linux-x64/bin', '/home/harnen/Desktop/SGX/sgxsdk/bin', '/home/harnen/Desktop/SGX/sgxsdk/bin/x64'] var='PYTHON_CONFIG' -> ['/usr/bin/python-config']
------------------------------------------------------------------
Asking python-config for pyembed '--cflags --libs --ldflags' flags
['/usr/bin/python-config', '--cflags', '--libs', '--ldflags']
out: -I/usr/include/python2.7 -I/usr/include/x86_64-linux-gnu/python2.7  -fno-strict-aliasing -Wdate-time -D_FORTIFY_SOURCE=2 -g -fdebug-prefix-map=/build/python2.7-l1RrwO/python2.7-2.7.14=. -fstack-protector-strong -Wformat -Werror=format-security  -DNDEBUG -g -fwrapv -O2 -Wall -Wstrict-prototypes
-lpython2.7 -lpthread -ldl  -lutil -lm 
-L/usr/lib/python2.7/config-x86_64-linux-gnu -L/usr/lib -lpython2.7 -lpthread -ldl  -lutil -lm  -Xlinker -export-dynamic -Wl,-O1 -Wl,-Bsymbolic-functions

yes
------------------------------------------------------------------
Getting pyembed flags from python-config
==>

#include <Python.h>
#ifdef __cplusplus
extern "C" {
#endif
	void Py_Initialize(void);
	void Py_Finalize(void);
#ifdef __cplusplus
}
#endif
int main(int argc, char **argv)
{
   (void)argc; (void)argv;
   Py_Initialize();
   Py_Finalize();
   return 0;
}

<==
[1/2] Compiling [32mbuild/.conf_check_ae1a7019a2db32fd7b8ef7262d9dfa5e/test.cpp[0m

['/usr/bin/g++', '-std=c++0x', '-std=c++11', '-O0', '-ggdb', '-g3', '-Wall', '-Wno-error=deprecated-declarations', '-fstrict-aliasing', '-Wstrict-aliasing', '-fno-strict-aliasing', '-fdebug-prefix-map=/build/python2.7-l1RrwO/python2.7-2.7.14=.', '-fstack-protector-strong', '-fwrapv', '-I/usr/include/python2.7', '-I/usr/include/x86_64-linux-gnu/python2.7', '-DNS3_BUILD_PROFILE_DEBUG', '-DNS3_ASSERT_ENABLE', '-DNS3_LOG_ENABLE', '-DPYTHONDIR="/usr/local/lib/python2.7/dist-packages"', '-DPYTHONARCHDIR="/usr/local/lib/python2.7/dist-packages"', '-DHAVE_PYEMBED=1', '-D_FORTIFY_SOURCE=2', '-DNDEBUG', '../test.cpp', '-c', '-o', '/home/harnen/work/ucl/timers/ns-3/build/.conf_check_ae1a7019a2db32fd7b8ef7262d9dfa5e/testbuild/test.cpp.1.o']
[2/2] Linking [33mbuild/.conf_check_ae1a7019a2db32fd7b8ef7262d9dfa5e/testbuild/testprog[0m

['/usr/bin/g++', '-Xlinker', '-export-dynamic', '-Wl,-O1', '-Wl,-Bsymbolic-functions', 'test.cpp.1.o', '-o', '/home/harnen/work/ucl/timers/ns-3/build/.conf_check_ae1a7019a2db32fd7b8ef7262d9dfa5e/testbuild/testprog', '-Wl,-Bstatic', '-Wl,-Bdynamic', '-L/usr/lib/python2.7/config-x86_64-linux-gnu', '-L/usr/lib', '-lpython2.7', '-lpthread', '-ldl', '-lutil', '-lm']
yes
------------------------------------------------------------------
Asking python-config for pyext '--cflags --libs --ldflags' flags
['/usr/bin/python-config', '--cflags', '--libs', '--ldflags']
out: -I/usr/include/python2.7 -I/usr/include/x86_64-linux-gnu/python2.7  -fno-strict-aliasing -Wdate-time -D_FORTIFY_SOURCE=2 -g -fdebug-prefix-map=/build/python2.7-l1RrwO/python2.7-2.7.14=. -fstack-protector-strong -Wformat -Werror=format-security  -DNDEBUG -g -fwrapv -O2 -Wall -Wstrict-prototypes
-lpython2.7 -lpthread -ldl  -lutil -lm 
-L/usr/lib/python2.7/config-x86_64-linux-gnu -L/usr/lib -lpython2.7 -lpthread -ldl  -lutil -lm  -Xlinker -export-dynamic -Wl,-O1 -Wl,-Bsymbolic-functions

yes
------------------------------------------------------------------
Getting pyext flags from python-config
==>

#include <Python.h>
#ifdef __cplusplus
extern "C" {
#endif
	void Py_Initialize(void);
	void Py_Finalize(void);
#ifdef __cplusplus
}
#endif
int main(int argc, char **argv)
{
   (void)argc; (void)argv;
   Py_Initialize();
   Py_Finalize();
   return 0;
}

<==
[1/2] Compiling [32mbuild/.conf_check_062ec0ed156fb5db92898882844ef681/test.cpp[0m

['/usr/bin/g++', '-std=c++0x', '-std=c++11', '-O0', '-ggdb', '-g3', '-Wall', '-Wno-error=deprecated-declarations', '-fstrict-aliasing', '-Wstrict-aliasing', '-fPIC', '-fno-strict-aliasing', '-fdebug-prefix-map=/build/python2.7-l1RrwO/python2.7-2.7.14=.', '-fstack-protector-strong', '-fwrapv', '-I/usr/include/python2.7', '-I/usr/include/x86_64-linux-gnu/python2.7', '-DNS3_BUILD_PROFILE_DEBUG', '-DNS3_ASSERT_ENABLE', '-DNS3_LOG_ENABLE', '-DPYTHONDIR="/usr/local/lib/python2.7/dist-packages"', '-DPYTHONARCHDIR="/usr/local/lib/python2.7/dist-packages"', '-DHAVE_PYEMBED=1', '-DHAVE_PYEXT=1', '-D_FORTIFY_SOURCE=2', '-DNDEBUG', '../test.cpp', '-c', '-o', '/home/harnen/work/ucl/timers/ns-3/build/.conf_check_062ec0ed156fb5db92898882844ef681/testbuild/test.cpp.1.o']
[2/2] Linking [33mbuild/.conf_check_062ec0ed156fb5db92898882844ef681/testbuild/testprog.so[0m

['/usr/bin/g++', '-shared', '-Xlinker', '-export-dynamic', '-Wl,-O1', '-Wl,-Bsymbolic-functions', 'test.cpp.1.o', '-o', '/home/harnen/work/ucl/timers/ns-3/build/.conf_check_062ec0ed156fb5db92898882844ef681/testbuild/testprog.so', '-Wl,-Bstatic', '-Wl,-Bdynamic', '-L/usr/lib/python2.7/config-x86_64-linux-gnu', '-L/usr/lib', '-lpython2.7', '-lpthread', '-ldl', '-lutil', '-lm']
yes
------------------------------------------------------------------
Checking for compilation flag -fvisibility=hidden... support
==>
int main() { return 0; }
<==
[1/1] Compiling [32mbuild/.conf_check_8fc73b4adb645a8fa05e6580fa7cb3c8/test.cpp[0m

['/usr/bin/g++', '-std=c++0x', '-std=c++11', '-O0', '-ggdb', '-g3', '-Wall', '-Wno-error=deprecated-declarations', '-fstrict-aliasing', '-Wstrict-aliasing', '-fvisibility=hidden', '-DNS3_BUILD_PROFILE_DEBUG', '-DNS3_ASSERT_ENABLE', '-DNS3_LOG_ENABLE', '-DPYTHONDIR="/usr/local/lib/python2.7/dist-packages"', '-DPYTHONARCHDIR="/usr/local/lib/python2.7/dist-packages"', '-DHAVE_PYEMBED=1', '-DHAVE_PYEXT=1', '-DHAVE_PYTHON_H=1', '../test.cpp', '-c', '-o', '/home/harnen/work/ucl/timers/ns-3/build/.conf_check_8fc73b4adb645a8fa05e6580fa7cb3c8/testbuild/test.cpp.1.o']
ok
------------------------------------------------------------------
Checking for compilation flag -Wno-array-bounds... support
==>
int main() { return 0; }
<==
[1/1] Compiling [32mbuild/.conf_check_8fc73b4adb645a8fa05e6580fa7cb3c8/test.cpp[0m

['/usr/bin/g++', '-std=c++0x', '-std=c++11', '-O0', '-ggdb', '-g3', '-Wall', '-Wno-error=deprecated-declarations', '-fstrict-aliasing', '-Wstrict-aliasing', '-Wno-array-bounds', '-DNS3_BUILD_PROFILE_DEBUG', '-DNS3_ASSERT_ENABLE', '-DNS3_LOG_ENABLE', '-DPYTHONDIR="/usr/local/lib/python2.7/dist-packages"', '-DPYTHONARCHDIR="/usr/local/lib/python2.7/dist-packages"', '-DHAVE_PYEMBED=1', '-DHAVE_PYEXT=1', '-DHAVE_PYTHON_H=1', '../test.cpp', '-c', '-o', '/home/harnen/work/ucl/timers/ns-3/build/.conf_check_8fc73b4adb645a8fa05e6580fa7cb3c8/testbuild/test.cpp.1.o']
ok
------------------------------------------------------------------
Checking for pybindgen location
../pybindgen (guessed)
------------------------------------------------------------------
Checking for python module 'pybindgen'
['/usr/bin/python', '-c', "\nimport pybindgen as current_module\nversion = getattr(current_module, '__version__', None)\nif version is not None:\n\tprint(str(version))\nelse:\n\tprint('unknown version')\n"]
out: unknown version

ok
------------------------------------------------------------------
Checking for pybindgen version
------------------------------------------------------------------
Checking boost includes
1_62
------------------------------------------------------------------
Checking boost libs
Found the boost path in /usr/lib/x86_64-linux-gnu with the libraries:
    /usr/lib/x86_64-linux-gnu/libboost_atomic.a
    /usr/lib/x86_64-linux-gnu/libboost_atomic.so
    /usr/lib/x86_64-linux-gnu/libboost_atomic.so.1.62.0
    /usr/lib/x86_64-linux-gnu/libboost_chrono.a
    /usr/lib/x86_64-linux-gnu/libboost_chrono.so
    /usr/lib/x86_64-linux-gnu/libboost_chrono.so.1.62.0
    /usr/lib/x86_64-linux-gnu/libboost_context.a
    /usr/lib/x86_64-linux-gnu/libboost_context.so
    /usr/lib/x86_64-linux-gnu/libboost_context.so.1.62.0
    /usr/lib/x86_64-linux-gnu/libboost_coroutine.a
    /usr/lib/x86_64-linux-gnu/libboost_coroutine.so
    /usr/lib/x86_64-linux-gnu/libboost_coroutine.so.1.62.0
    /usr/lib/x86_64-linux-gnu/libboost_date_time.a
    /usr/lib/x86_64-linux-gnu/libboost_date_time.so
    /usr/lib/x86_64-linux-gnu/libboost_date_time.so.1.62.0
    /usr/lib/x86_64-linux-gnu/libboost_exception.a
    /usr/lib/x86_64-linux-gnu/libboost_fiber.a
    /usr/lib/x86_64-linux-gnu/libboost_fiber.so
    /usr/lib/x86_64-linux-gnu/libboost_fiber.so.1.62.0
    /usr/lib/x86_64-linux-gnu/libboost_filesystem.a
    /usr/lib/x86_64-linux-gnu/libboost_filesystem.so
    /usr/lib/x86_64-linux-gnu/libboost_filesystem.so.1.62.0
    /usr/lib/x86_64-linux-gnu/libboost_graph.a
    /usr/lib/x86_64-linux-gnu/libboost_graph.so
    /usr/lib/x86_64-linux-gnu/libboost_graph.so.1.62.0
    /usr/lib/x86_64-linux-gnu/libboost_graph_parallel.a
    /usr/lib/x86_64-linux-gnu/libboost_graph_parallel.so
    /usr/lib/x86_64-linux-gnu/libboost_graph_parallel.so.1.62.0
    /usr/lib/x86_64-linux-gnu/libboost_iostreams.a
    /usr/lib/x86_64-linux-gnu/libboost_iostreams.so
    /usr/lib/x86_64-linux-gnu/libboost_iostreams.so.1.62.0
    /usr/lib/x86_64-linux-gnu/libboost_locale.a
    /usr/lib/x86_64-linux-gnu/libboost_locale.so
    /usr/lib/x86_64-linux-gnu/libboost_locale.so.1.62.0
    /usr/lib/x86_64-linux-gnu/libboost_log.a
    /usr/lib/x86_64-linux-gnu/libboost_log.so
    /usr/lib/x86_64-linux-gnu/libboost_log.so.1.62.0
    /usr/lib/x86_64-linux-gnu/libboost_log_setup.a
    /usr/lib/x86_64-linux-gnu/libboost_log_setup.so
    /usr/lib/x86_64-linux-gnu/libboost_log_setup.so.1.62.0
    /usr/lib/x86_64-linux-gnu/libboost_math_c99.a
    /usr/lib/x86_64-linux-gnu/libboost_math_c99.so
    /usr/lib/x86_64-linux-gnu/libboost_math_c99.so.1.62.0
    /usr/lib/x86_64-linux-gnu/libboost_math_c99f.a
    /usr/lib/x86_64-linux-gnu/libboost_math_c99f.so
    /usr/lib/x86_64-linux-gnu/libboost_math_c99f.so.1.62.0
    /usr/lib/x86_64-linux-gnu/libboost_math_c99l.a
    /usr/lib/x86_64-linux-gnu/libboost_math_c99l.so
    /usr/lib/x86_64-linux-gnu/libboost_math_c99l.so.1.62.0
    /usr/lib/x86_64-linux-gnu/libboost_math_tr1.a
    /usr/lib/x86_64-linux-gnu/libboost_math_tr1.so
    /usr/lib/x86_64-linux-gnu/libboost_math_tr1.so.1.62.0
    /usr/lib/x86_64-linux-gnu/libboost_math_tr1f.a
    /usr/lib/x86_64-linux-gnu/libboost_math_tr1f.so
    /usr/lib/x86_64-linux-gnu/libboost_math_tr1f.so.1.62.0
    /usr/lib/x86_64-linux-gnu/libboost_math_tr1l.a
    /usr/lib/x86_64-linux-gnu/libboost_math_tr1l.so
    /usr/lib/x86_64-linux-gnu/libboost_math_tr1l.so.1.62.0
    /usr/lib/x86_64-linux-gnu/libboost_mpi.a
    /usr/lib/x86_64-linux-gnu/libboost_mpi.so
    /usr/lib/x86_64-linux-gnu/libboost_mpi.so.1.62.0
    /usr/lib/x86_64-linux-gnu/libboost_mpi_python-py27.a
    /usr/lib/x86_64-linux-gnu/libboost_mpi_python-py27.so
    /usr/lib/x86_64-linux-gnu/libboost_mpi_python-py27.so.1.62.0
    /usr/lib/x86_64-linux-gnu/libboost_mpi_python-py35.a
    /usr/lib/x86_64-linux-gnu/libboost_mpi_python-py35.so
    /usr/lib/x86_64-linux-gnu/libboost_mpi_python-py35.so.1.62.0
    /usr/lib/x86_64-linux-gnu/libboost_mpi_python-py36.a
    /usr/lib/x86_64-linux-gnu/libboost_mpi_python-py36.so
    /usr/lib/x86_64-linux-gnu/libboost_mpi_python-py36.so.1.62.0
    /usr/lib/x86_64-linux-gnu/libboost_mpi_python.a
    /usr/lib/x86_64-linux-gnu/libboost_mpi_python.so
    /usr/lib/x86_64-linux-gnu/libboost_prg_exec_monitor.a
    /usr/lib/x86_64-linux-gnu/libboost_prg_exec_monitor.so
    /usr/lib/x86_64-linux-gnu/libboost_prg_exec_monitor.so.1.62.0
    /usr/lib/x86_64-linux-gnu/libboost_program_options.a
    /usr/lib/x86_64-linux-gnu/libboost_program_options.so
    /usr/lib/x86_64-linux-gnu/libboost_program_options.so.1.62.0
    /usr/lib/x86_64-linux-gnu/libboost_python-py27.a
    /usr/lib/x86_64-linux-gnu/libboost_python-py27.so
    /usr/lib/x86_64-linux-gnu/libboost_python-py27.so.1.62.0
    /usr/lib/x86_64-linux-gnu/libboost_python-py35.a
    /usr/lib/x86_64-linux-gnu/libboost_python-py35.so
    /usr/lib/x86_64-linux-gnu/libboost_python-py35.so.1.62.0
    /usr/lib/x86_64-linux-gnu/libboost_python-py36.a
    /usr/lib/x86_64-linux-gnu/libboost_python-py36.so
    /usr/lib/x86_64-linux-gnu/libboost_python-py36.so.1.62.0
    /usr/lib/x86_64-linux-gnu/libboost_python.a
    /usr/lib/x86_64-linux-gnu/libboost_python.so
    /usr/lib/x86_64-linux-gnu/libboost_random.a
    /usr/lib/x86_64-linux-gnu/libboost_random.so
    /usr/lib/x86_64-linux-gnu/libboost_random.so.1.62.0
    /usr/lib/x86_64-linux-gnu/libboost_regex.a
    /usr/lib/x86_64-linux-gnu/libboost_regex.so
    /usr/lib/x86_64-linux-gnu/libboost_regex.so.1.62.0
    /usr/lib/x86_64-linux-gnu/libboost_serialization.a
    /usr/lib/x86_64-linux-gnu/libboost_serialization.so
    /usr/lib/x86_64-linux-gnu/libboost_serialization.so.1.62.0
    /usr/lib/x86_64-linux-gnu/libboost_signals.a
    /usr/lib/x86_64-linux-gnu/libboost_signals.so
    /usr/lib/x86_64-linux-gnu/libboost_signals.so.1.62.0
    /usr/lib/x86_64-linux-gnu/libboost_system.a
    /usr/lib/x86_64-linux-gnu/libboost_system.so
    /usr/lib/x86_64-linux-gnu/libboost_system.so.1.62.0
    /usr/lib/x86_64-linux-gnu/libboost_test_exec_monitor.a
    /usr/lib/x86_64-linux-gnu/libboost_thread.a
    /usr/lib/x86_64-linux-gnu/libboost_thread.so
    /usr/lib/x86_64-linux-gnu/libboost_thread.so.1.62.0
    /usr/lib/x86_64-linux-gnu/libboost_timer.a
    /usr/lib/x86_64-linux-gnu/libboost_timer.so
    /usr/lib/x86_64-linux-gnu/libboost_timer.so.1.62.0
    /usr/lib/x86_64-linux-gnu/libboost_type_erasure.a
    /usr/lib/x86_64-linux-gnu/libboost_type_erasure.so
    /usr/lib/x86_64-linux-gnu/libboost_type_erasure.so.1.62.0
    /usr/lib/x86_64-linux-gnu/libboost_unit_test_framework.a
    /usr/lib/x86_64-linux-gnu/libboost_unit_test_framework.so
    /usr/lib/x86_64-linux-gnu/libboost_unit_test_framework.so.1.62.0
    /usr/lib/x86_64-linux-gnu/libboost_wave.a
    /usr/lib/x86_64-linux-gnu/libboost_wave.so
    /usr/lib/x86_64-linux-gnu/libboost_wave.so.1.62.0
    /usr/lib/x86_64-linux-gnu/libboost_wserialization.a
    /usr/lib/x86_64-linux-gnu/libboost_wserialization.so
    /usr/lib/x86_64-linux-gnu/libboost_wserialization.so.1.62.0
Trying pattern boost_graph(-gcc[0-9]{0,3})-1_62.so$
Trying pattern boost_graph-1_62.so$
Trying pattern boost_graph(-gcc[0-9]{0,3}).so$
Trying pattern boost_graph.so$
Found boost lib libboost_graph.so
Trying pattern boost_thread(-gcc[0-9]{0,3})-1_62.so$
Trying pattern boost_thread-1_62.so$
Trying pattern boost_thread(-gcc[0-9]{0,3}).so$
Trying pattern boost_thread.so$
Found boost lib libboost_thread.so
Trying pattern boost_unit_test_framework(-gcc[0-9]{0,3})-1_62.so$
Trying pattern boost_unit_test_framework-1_62.so$
Trying pattern boost_unit_test_framework(-gcc[0-9]{0,3}).so$
Trying pattern boost_unit_test_framework.so$
Found boost lib libboost_unit_test_framework.so
Trying pattern boost_system(-gcc[0-9]{0,3})-1_62.so$
Trying pattern boost_system-1_62.so$
Trying pattern boost_system(-gcc[0-9]{0,3}).so$
Trying pattern boost_system.so$
Found boost lib libboost_system.so
Trying pattern boost_random(-gcc[0-9]{0,3})-1_62.so$
Trying pattern boost_random-1_62.so$
Trying pattern boost_random(-gcc[0-9]{0,3}).so$
Trying pattern boost_random.so$
Found boost lib libboost_random.so
Trying pattern boost_date_time(-gcc[0-9]{0,3})-1_62.so$
Trying pattern boost_date_time-1_62.so$
Trying pattern boost_date_time(-gcc[0-9]{0,3}).so$
Trying pattern boost_date_time.so$
Found boost lib libboost_date_time.so
Trying pattern boost_iostreams(-gcc[0-9]{0,3})-1_62.so$
Trying pattern boost_iostreams-1_62.so$
Trying pattern boost_iostreams(-gcc[0-9]{0,3}).so$
Trying pattern boost_iostreams.so$
Found boost lib libboost_iostreams.so
Trying pattern boost_regex(-gcc[0-9]{0,3})-1_62.so$
Trying pattern boost_regex-1_62.so$
Trying pattern boost_regex(-gcc[0-9]{0,3}).so$
Trying pattern boost_regex.so$
Found boost lib libboost_regex.so
Trying pattern boost_program_options(-gcc[0-9]{0,3})-1_62.so$
Trying pattern boost_program_options-1_62.so$
Trying pattern boost_program_options(-gcc[0-9]{0,3}).so$
Trying pattern boost_program_options.so$
Found boost lib libboost_program_options.so
Trying pattern boost_chrono(-gcc[0-9]{0,3})-1_62.so$
Trying pattern boost_chrono-1_62.so$
Trying pattern boost_chrono(-gcc[0-9]{0,3}).so$
Trying pattern boost_chrono.so$
Found boost lib libboost_chrono.so
Trying pattern boost_filesystem(-gcc[0-9]{0,3})-1_62.so$
Trying pattern boost_filesystem-1_62.so$
Trying pattern boost_filesystem(-gcc[0-9]{0,3}).so$
Trying pattern boost_filesystem.so$
Found boost lib libboost_filesystem.so
Trying pattern boost_system(-gcc[0-9]{0,3})-1_62.so$
Trying pattern boost_system-1_62.so$
Trying pattern boost_system(-gcc[0-9]{0,3}).so$
Trying pattern boost_system.so$
Found boost lib libboost_system.so
Trying pattern boost_signals(-gcc[0-9]{0,3})-1_62.so$
Trying pattern boost_signals-1_62.so$
Trying pattern boost_signals(-gcc[0-9]{0,3}).so$
Trying pattern boost_signals.so$
Found boost lib libboost_signals.so
Trying pattern boost_filesystem(-gcc[0-9]{0,3})-1_62.so$
Trying pattern boost_filesystem-1_62.so$
Trying pattern boost_filesystem(-gcc[0-9]{0,3}).so$
Trying pattern boost_filesystem.so$
Found boost lib libboost_filesystem.so
ok
------------------------------------------------------------------
Checking for boost linkage
==>

#include <boost/system/error_code.hpp>
int main() { boost::system::error_code c; }

<==
[1/2] Compiling [32mbuild/.conf_check_e85e557f2636282781db4d580701f3f8/test.cpp[0m

['/usr/bin/g++', '-std=c++0x', '-std=c++11', '-O0', '-ggdb', '-g3', '-Wall', '-Wno-error=deprecated-declarations', '-fstrict-aliasing', '-Wstrict-aliasing', '-I/usr/include', '-DNS3_BUILD_PROFILE_DEBUG', '-DNS3_ASSERT_ENABLE', '-DNS3_LOG_ENABLE', '-DPYTHONDIR="/usr/local/lib/python2.7/dist-packages"', '-DPYTHONARCHDIR="/usr/local/lib/python2.7/dist-packages"', '-DHAVE_PYEMBED=1', '-DHAVE_PYEXT=1', '-DHAVE_PYTHON_H=1', '../test.cpp', '-c', '-o', '/home/harnen/work/ucl/timers/ns-3/build/.conf_check_e85e557f2636282781db4d580701f3f8/testbuild/test.cpp.1.o']
[2/2] Linking [33mbuild/.conf_check_e85e557f2636282781db4d580701f3f8/testbuild/testprog[0m

['/usr/bin/g++', 'test.cpp.1.o', '-o', '/home/harnen/work/ucl/timers/ns-3/build/.conf_check_e85e557f2636282781db4d580701f3f8/testbuild/testprog', '-Wl,-Bstatic', '-Wl,-Bdynamic', '-L/usr/lib/x86_64-linux-gnu', '-lboost_graph', '-lboost_thread', '-lboost_unit_test_framework', '-lboost_system', '-lboost_random', '-lboost_date_time', '-lboost_iostreams', '-lboost_regex', '-lboost_program_options', '-lboost_chrono', '-lboost_filesystem', '-lboost_system', '-lboost_signals', '-lboost_filesystem']
==>

#include <boost/thread.hpp>
int main() { boost::thread t; }

<==
[1/2] Compiling [32mbuild/.conf_check_49755761373e99d1bbec3910b1db1bd3/test.cpp[0m

['/usr/bin/g++', '-std=c++0x', '-std=c++11', '-O0', '-ggdb', '-g3', '-Wall', '-Wno-error=deprecated-declarations', '-fstrict-aliasing', '-Wstrict-aliasing', '-I/usr/include', '-DNS3_BUILD_PROFILE_DEBUG', '-DNS3_ASSERT_ENABLE', '-DNS3_LOG_ENABLE', '-DPYTHONDIR="/usr/local/lib/python2.7/dist-packages"', '-DPYTHONARCHDIR="/usr/local/lib/python2.7/dist-packages"', '-DHAVE_PYEMBED=1', '-DHAVE_PYEXT=1', '-DHAVE_PYTHON_H=1', '../test.cpp', '-c', '-o', '/home/harnen/work/ucl/timers/ns-3/build/.conf_check_49755761373e99d1bbec3910b1db1bd3/testbuild/test.cpp.1.o']
[2/2] Linking [33mbuild/.conf_check_49755761373e99d1bbec3910b1db1bd3/testbuild/testprog[0m

['/usr/bin/g++', 'test.cpp.1.o', '-o', '/home/harnen/work/ucl/timers/ns-3/build/.conf_check_49755761373e99d1bbec3910b1db1bd3/testbuild/testprog', '-Wl,-Bstatic', '-Wl,-Bdynamic', '-L/usr/lib/x86_64-linux-gnu', '-lboost_graph', '-lboost_thread', '-lboost_unit_test_framework', '-lboost_system', '-lboost_random', '-lboost_date_time', '-lboost_iostreams', '-lboost_regex', '-lboost_program_options', '-lboost_chrono', '-lboost_filesystem', '-lboost_system', '-lboost_signals', '-lboost_filesystem']
ok
------------------------------------------------------------------
Checking for click location
not found
------------------------------------------------------------------
Checking for program 'pkg-config'
/usr/bin/pkg-config
find program=['pkg-config'] paths=['/home/harnen/.yarn/bin', '/usr/local/sbin', '/usr/local/bin', '/usr/sbin', '/usr/bin', '/sbin', '/bin', '/usr/games', '/usr/local/games', '/snap/bin', '/home/harnen/Downloads/eclipse', '/home/harnen/go/bin', '/usr/local/go/bin', '/home/harnen/work/ucl/blockchain/node-v6.11.0-linux-x64/bin', '/home/harnen/Desktop/SGX/sgxsdk/bin', '/home/harnen/Desktop/SGX/sgxsdk/bin/x64'] var='PKGCONFIG' -> ['/usr/bin/pkg-config']
------------------------------------------------------------------
Checking for 'gtk+-2.0' >= 2.12
['/usr/bin/pkg-config', '--atleast-version=2.12', 'gtk+-2.0']
['/usr/bin/pkg-config', '--cflags', '--libs', 'gtk+-2.0']
out: -pthread -I/usr/include/gtk-2.0 -I/usr/lib/x86_64-linux-gnu/gtk-2.0/include -I/usr/include/gio-unix-2.0/ -I/usr/include/cairo -I/usr/include/pango-1.0 -I/usr/include/atk-1.0 -I/usr/include/cairo -I/usr/include/pixman-1 -I/usr/include/libpng16 -I/usr/include/gdk-pixbuf-2.0 -I/usr/include/libpng16 -I/usr/include/pango-1.0 -I/usr/include/harfbuzz -I/usr/include/pango-1.0 -I/usr/include/glib-2.0 -I/usr/lib/x86_64-linux-gnu/glib-2.0/include -I/usr/include/freetype2 -lgtk-x11-2.0 -lgdk-x11-2.0 -lpangocairo-1.0 -latk-1.0 -lcairo -lgdk_pixbuf-2.0 -lgio-2.0 -lpangoft2-1.0 -lpango-1.0 -lgobject-2.0 -lglib-2.0 -lfontconfig -lfreetype

yes
------------------------------------------------------------------
Checking for 'libxml-2.0' >= 2.7
['/usr/bin/pkg-config', '--atleast-version=2.7', 'libxml-2.0']
['/usr/bin/pkg-config', '--cflags', '--libs', 'libxml-2.0']
out: -I/usr/include/libxml2 -lxml2

yes
------------------------------------------------------------------
Checking for type uint128_t
==>
#include <stdint.h>

int main(int argc, char **argv) {
	(void)argc; (void)argv;
	if ((uint128_t *) 0) return 0;
	if (sizeof (uint128_t)) return 0;
	return 1;
}

<==
[1/2] Compiling [32mbuild/.conf_check_965ae6efb11d5772fd24c114f593603e/test.cpp[0m

['/usr/bin/g++', '-std=c++0x', '-std=c++11', '-O0', '-ggdb', '-g3', '-Wall', '-Wno-error=deprecated-declarations', '-fstrict-aliasing', '-Wstrict-aliasing', '-DNS3_BUILD_PROFILE_DEBUG', '-DNS3_ASSERT_ENABLE', '-DNS3_LOG_ENABLE', '../test.cpp', '-c', '-o', '/home/harnen/work/ucl/timers/ns-3/build/.conf_check_965ae6efb11d5772fd24c114f593603e/testbuild/test.cpp.1.o']
err: ../test.cpp: In function â€˜int main(int, char**)â€™:
../test.cpp:5:7: error: â€˜uint128_tâ€™ was not declared in this scope
  if ((uint128_t *) 0) return 0;
       ^~~~~~~~~
../test.cpp:5:7: note: suggested alternative: â€˜uint32_tâ€™
  if ((uint128_t *) 0) return 0;
       ^~~~~~~~~
       uint32_t
../test.cpp:5:18: error: expected primary-expression before â€˜)â€™ token
  if ((uint128_t *) 0) return 0;
                  ^
../test.cpp:5:20: error: expected â€˜)â€™ before numeric constant
  if ((uint128_t *) 0) return 0;
                    ^
../test.cpp:6:14: error: â€˜uint128_tâ€™ was not declared in this scope
  if (sizeof (uint128_t)) return 0;
              ^~~~~~~~~
../test.cpp:6:14: note: suggested alternative: â€˜uint32_tâ€™
  if (sizeof (uint128_t)) return 0;
              ^~~~~~~~~
              uint32_t

from /home/harnen/work/ucl/timers/ns-3/src/core: Test does not build: Traceback (most recent call last):
  File "/home/harnen/work/ucl/timers/ns-3/.waf-1.8.12-f00e5b53f6bbeab1384a38c9cc5d51f7/waflib/Configure.py", line 339, in run_build
    bld.compile()
  File "/home/harnen/work/ucl/timers/ns-3/.waf-1.8.12-f00e5b53f6bbeab1384a38c9cc5d51f7/waflib/Build.py", line 182, in compile
    raise Errors.BuildError(self.producer.error)
BuildError: Build failed
 -> task in 'testprog' failed (exit status 1): 
	{task 139735796051536: cxx test.cpp -> test.cpp.1.o}
['/usr/bin/g++', '-std=c++0x', '-std=c++11', '-O0', '-ggdb', '-g3', '-Wall', '-Wno-error=deprecated-declarations', '-fstrict-aliasing', '-Wstrict-aliasing', '-DNS3_BUILD_PROFILE_DEBUG', '-DNS3_ASSERT_ENABLE', '-DNS3_LOG_ENABLE', '../test.cpp', '-c', '-o', '/home/harnen/work/ucl/timers/ns-3/build/.conf_check_965ae6efb11d5772fd24c114f593603e/testbuild/test.cpp.1.o']

not found
from /home/harnen/work/ucl/timers/ns-3/src/core: The configuration failed
------------------------------------------------------------------
Checking for type __uint128_t
==>
#include <stdint.h>

int main(int argc, char **argv) {
	(void)argc; (void)argv;
	if ((__uint128_t *) 0) return 0;
	if (sizeof (__uint128_t)) return 0;
	return 1;
}

<==
[1/2] Compiling [32mbuild/.conf_check_5faeef04724661252a20b21142f98579/test.cpp[0m

['/usr/bin/g++', '-std=c++0x', '-std=c++11', '-O0', '-ggdb', '-g3', '-Wall', '-Wno-error=deprecated-declarations', '-fstrict-aliasing', '-Wstrict-aliasing', '-DNS3_BUILD_PROFILE_DEBUG', '-DNS3_ASSERT_ENABLE', '-DNS3_LOG_ENABLE', '../test.cpp', '-c', '-o', '/home/harnen/work/ucl/timers/ns-3/build/.conf_check_5faeef04724661252a20b21142f98579/testbuild/test.cpp.1.o']
[2/2] Linking [33mbuild/.conf_check_5faeef04724661252a20b21142f98579/testbuild/testprog[0m

['/usr/bin/g++', 'test.cpp.1.o', '-o', '/home/harnen/work/ucl/timers/ns-3/build/.conf_check_5faeef04724661252a20b21142f98579/testbuild/testprog', '-Wl,-Bstatic', '-Wl,-Bdynamic']
yes
------------------------------------------------------------------
Checking high precision implementation
128-bit integer (default)
------------------------------------------------------------------
Checking for header stdint.h
==>
#include <stdint.h>

int main(int argc, char **argv) {
	(void)argc; (void)argv;
	return 0;
}

<==
[1/2] Compiling [32mbuild/.conf_check_da6b936eb8d78f47dfe148786f2f1a20/test.cpp[0m

['/usr/bin/g++', '-std=c++0x', '-std=c++11', '-O0', '-ggdb', '-g3', '-Wall', '-Wno-error=deprecated-declarations', '-fstrict-aliasing', '-Wstrict-aliasing', '-DNS3_BUILD_PROFILE_DEBUG', '-DNS3_ASSERT_ENABLE', '-DNS3_LOG_ENABLE', '-DHAVE___UINT128_T=1', '-DINT64X64_USE_128=1', '../test.cpp', '-c', '-o', '/home/harnen/work/ucl/timers/ns-3/build/.conf_check_da6b936eb8d78f47dfe148786f2f1a20/testbuild/test.cpp.1.o']
[2/2] Linking [33mbuild/.conf_check_da6b936eb8d78f47dfe148786f2f1a20/testbuild/testprog[0m

['/usr/bin/g++', 'test.cpp.1.o', '-o', '/home/harnen/work/ucl/timers/ns-3/build/.conf_check_da6b936eb8d78f47dfe148786f2f1a20/testbuild/testprog', '-Wl,-Bstatic', '-Wl,-Bdynamic']
yes
------------------------------------------------------------------
Checking for header inttypes.h
==>
#include <inttypes.h>

int main(int argc, char **argv) {
	(void)argc; (void)argv;
	return 0;
}

<==
[1/2] Compiling [32mbuild/.conf_check_66692ff407313e8a0a6a5cc09ecfd8b3/test.cpp[0m

['/usr/bin/g++', '-std=c++0x', '-std=c++11', '-O0', '-ggdb', '-g3', '-Wall', '-Wno-error=deprecated-declarations', '-fstrict-aliasing', '-Wstrict-aliasing', '-DNS3_BUILD_PROFILE_DEBUG', '-DNS3_ASSERT_ENABLE', '-DNS3_LOG_ENABLE', '-DHAVE___UINT128_T=1', '-DINT64X64_USE_128=1', '-DHAVE_STDINT_H=1', '../test.cpp', '-c', '-o', '/home/harnen/work/ucl/timers/ns-3/build/.conf_check_66692ff407313e8a0a6a5cc09ecfd8b3/testbuild/test.cpp.1.o']
[2/2] Linking [33mbuild/.conf_check_66692ff407313e8a0a6a5cc09ecfd8b3/testbuild/testprog[0m

['/usr/bin/g++', 'test.cpp.1.o', '-o', '/home/harnen/work/ucl/timers/ns-3/build/.conf_check_66692ff407313e8a0a6a5cc09ecfd8b3/testbuild/testprog', '-Wl,-Bstatic', '-Wl,-Bdynamic']
yes
------------------------------------------------------------------
Checking for header sys/inttypes.h
==>
#include <sys/inttypes.h>

int main(int argc, char **argv) {
	(void)argc; (void)argv;
	return 0;
}

<==
[1/2] Compiling [32mbuild/.conf_check_f63e3fb717ad01d0d204287c4eee5c60/test.cpp[0m

['/usr/bin/g++', '-std=c++0x', '-std=c++11', '-O0', '-ggdb', '-g3', '-Wall', '-Wno-error=deprecated-declarations', '-fstrict-aliasing', '-Wstrict-aliasing', '-DNS3_BUILD_PROFILE_DEBUG', '-DNS3_ASSERT_ENABLE', '-DNS3_LOG_ENABLE', '-DHAVE___UINT128_T=1', '-DINT64X64_USE_128=1', '-DHAVE_STDINT_H=1', '-DHAVE_INTTYPES_H=1', '../test.cpp', '-c', '-o', '/home/harnen/work/ucl/timers/ns-3/build/.conf_check_f63e3fb717ad01d0d204287c4eee5c60/testbuild/test.cpp.1.o']
err: ../test.cpp:1:10: fatal error: sys/inttypes.h: No such file or directory
 #include <sys/inttypes.h>
          ^~~~~~~~~~~~~~~~
compilation terminated.

from /home/harnen/work/ucl/timers/ns-3/src/core: Test does not build: Traceback (most recent call last):
  File "/home/harnen/work/ucl/timers/ns-3/.waf-1.8.12-f00e5b53f6bbeab1384a38c9cc5d51f7/waflib/Configure.py", line 339, in run_build
    bld.compile()
  File "/home/harnen/work/ucl/timers/ns-3/.waf-1.8.12-f00e5b53f6bbeab1384a38c9cc5d51f7/waflib/Build.py", line 182, in compile
    raise Errors.BuildError(self.producer.error)
BuildError: Build failed
 -> task in 'testprog' failed (exit status 1): 
	{task 139735797351696: cxx test.cpp -> test.cpp.1.o}
['/usr/bin/g++', '-std=c++0x', '-std=c++11', '-O0', '-ggdb', '-g3', '-Wall', '-Wno-error=deprecated-declarations', '-fstrict-aliasing', '-Wstrict-aliasing', '-DNS3_BUILD_PROFILE_DEBUG', '-DNS3_ASSERT_ENABLE', '-DNS3_LOG_ENABLE', '-DHAVE___UINT128_T=1', '-DINT64X64_USE_128=1', '-DHAVE_STDINT_H=1', '-DHAVE_INTTYPES_H=1', '../test.cpp', '-c', '-o', '/home/harnen/work/ucl/timers/ns-3/build/.conf_check_f63e3fb717ad01d0d204287c4eee5c60/testbuild/test.cpp.1.o']

not found
from /home/harnen/work/ucl/timers/ns-3/src/core: The configuration failed
------------------------------------------------------------------
Checking for header sys/types.h
==>
#include <sys/types.h>

int main(int argc, char **argv) {
	(void)argc; (void)argv;
	return 0;
}

<==
[1/2] Compiling [32mbuild/.conf_check_500161cfdf2808ca3548da701fbd6e7f/test.cpp[0m

['/usr/bin/g++', '-std=c++0x', '-std=c++11', '-O0', '-ggdb', '-g3', '-Wall', '-Wno-error=deprecated-declarations', '-fstrict-aliasing', '-Wstrict-aliasing', '-DNS3_BUILD_PROFILE_DEBUG', '-DNS3_ASSERT_ENABLE', '-DNS3_LOG_ENABLE', '-DHAVE___UINT128_T=1', '-DINT64X64_USE_128=1', '-DHAVE_STDINT_H=1', '-DHAVE_INTTYPES_H=1', '../test.cpp', '-c', '-o', '/home/harnen/work/ucl/timers/ns-3/build/.conf_check_500161cfdf2808ca3548da701fbd6e7f/testbuild/test.cpp.1.o']
[2/2] Linking [33mbuild/.conf_check_500161cfdf2808ca3548da701fbd6e7f/testbuild/testprog[0m

['/usr/bin/g++', 'test.cpp.1.o', '-o', '/home/harnen/work/ucl/timers/ns-3/build/.conf_check_500161cfdf2808ca3548da701fbd6e7f/testbuild/testprog', '-Wl,-Bstatic', '-Wl,-Bdynamic']
yes
------------------------------------------------------------------
Checking for header sys/stat.h
==>
#include <sys/stat.h>

int main(int argc, char **argv) {
	(void)argc; (void)argv;
	return 0;
}

<==
[1/2] Compiling [32mbuild/.conf_check_a7fa5f7f8444cfedcff68b52394b277f/test.cpp[0m

['/usr/bin/g++', '-std=c++0x', '-std=c++11', '-O0', '-ggdb', '-g3', '-Wall', '-Wno-error=deprecated-declarations', '-fstrict-aliasing', '-Wstrict-aliasing', '-DNS3_BUILD_PROFILE_DEBUG', '-DNS3_ASSERT_ENABLE', '-DNS3_LOG_ENABLE', '-DHAVE___UINT128_T=1', '-DINT64X64_USE_128=1', '-DHAVE_STDINT_H=1', '-DHAVE_INTTYPES_H=1', '-DHAVE_SYS_TYPES_H=1', '../test.cpp', '-c', '-o', '/home/harnen/work/ucl/timers/ns-3/build/.conf_check_a7fa5f7f8444cfedcff68b52394b277f/testbuild/test.cpp.1.o']
[2/2] Linking [33mbuild/.conf_check_a7fa5f7f8444cfedcff68b52394b277f/testbuild/testprog[0m

['/usr/bin/g++', 'test.cpp.1.o', '-o', '/home/harnen/work/ucl/timers/ns-3/build/.conf_check_a7fa5f7f8444cfedcff68b52394b277f/testbuild/testprog', '-Wl,-Bstatic', '-Wl,-Bdynamic']
yes
------------------------------------------------------------------
Checking for header dirent.h
==>
#include <dirent.h>

int main(int argc, char **argv) {
	(void)argc; (void)argv;
	return 0;
}

<==
[1/2] Compiling [32mbuild/.conf_check_0a4233bda8c49278acf1dff58dec17be/test.cpp[0m

['/usr/bin/g++', '-std=c++0x', '-std=c++11', '-O0', '-ggdb', '-g3', '-Wall', '-Wno-error=deprecated-declarations', '-fstrict-aliasing', '-Wstrict-aliasing', '-DNS3_BUILD_PROFILE_DEBUG', '-DNS3_ASSERT_ENABLE', '-DNS3_LOG_ENABLE', '-DHAVE___UINT128_T=1', '-DINT64X64_USE_128=1', '-DHAVE_STDINT_H=1', '-DHAVE_INTTYPES_H=1', '-DHAVE_SYS_TYPES_H=1', '-DHAVE_SYS_STAT_H=1', '../test.cpp', '-c', '-o', '/home/harnen/work/ucl/timers/ns-3/build/.conf_check_0a4233bda8c49278acf1dff58dec17be/testbuild/test.cpp.1.o']
[2/2] Linking [33mbuild/.conf_check_0a4233bda8c49278acf1dff58dec17be/testbuild/testprog[0m

['/usr/bin/g++', 'test.cpp.1.o', '-o', '/home/harnen/work/ucl/timers/ns-3/build/.conf_check_0a4233bda8c49278acf1dff58dec17be/testbuild/testprog', '-Wl,-Bstatic', '-Wl,-Bdynamic']
yes
------------------------------------------------------------------
Checking for header stdlib.h
==>
#include <stdlib.h>

int main(int argc, char **argv) {
	(void)argc; (void)argv;
	return 0;
}

<==
[1/2] Compiling [32mbuild/.conf_check_806dbaa92d0086c50979ab9ec377a6ec/test.cpp[0m

['/usr/bin/g++', '-std=c++0x', '-std=c++11', '-O0', '-ggdb', '-g3', '-Wall', '-Wno-error=deprecated-declarations', '-fstrict-aliasing', '-Wstrict-aliasing', '-DNS3_BUILD_PROFILE_DEBUG', '-DNS3_ASSERT_ENABLE', '-DNS3_LOG_ENABLE', '-DHAVE___UINT128_T=1', '-DINT64X64_USE_128=1', '-DHAVE_STDINT_H=1', '-DHAVE_INTTYPES_H=1', '-DHAVE_SYS_TYPES_H=1', '-DHAVE_SYS_STAT_H=1', '-DHAVE_DIRENT_H=1', '../test.cpp', '-c', '-o', '/home/harnen/work/ucl/timers/ns-3/build/.conf_check_806dbaa92d0086c50979ab9ec377a6ec/testbuild/test.cpp.1.o']
[2/2] Linking [33mbuild/.conf_check_806dbaa92d0086c50979ab9ec377a6ec/testbuild/testprog[0m

['/usr/bin/g++', 'test.cpp.1.o', '-o', '/home/harnen/work/ucl/timers/ns-3/build/.conf_check_806dbaa92d0086c50979ab9ec377a6ec/testbuild/testprog', '-Wl,-Bstatic', '-Wl,-Bdynamic']
yes
------------------------------------------------------------------
Checking for header signal.h
==>
#include <signal.h>

int main(int argc, char **argv) {
	(void)argc; (void)argv;
	return 0;
}

<==
[1/2] Compiling [32mbuild/.conf_check_58221687400b7ddbaa000965d6e212cf/test.cpp[0m

['/usr/bin/g++', '-std=c++0x', '-std=c++11', '-O0', '-ggdb', '-g3', '-Wall', '-Wno-error=deprecated-declarations', '-fstrict-aliasing', '-Wstrict-aliasing', '-DNS3_BUILD_PROFILE_DEBUG', '-DNS3_ASSERT_ENABLE', '-DNS3_LOG_ENABLE', '-DHAVE___UINT128_T=1', '-DINT64X64_USE_128=1', '-DHAVE_STDINT_H=1', '-DHAVE_INTTYPES_H=1', '-DHAVE_SYS_TYPES_H=1', '-DHAVE_SYS_STAT_H=1', '-DHAVE_DIRENT_H=1', '-DHAVE_STDLIB_H=1', '-DHAVE_GETENV=1', '../test.cpp', '-c', '-o', '/home/harnen/work/ucl/timers/ns-3/build/.conf_check_58221687400b7ddbaa000965d6e212cf/testbuild/test.cpp.1.o']
[2/2] Linking [33mbuild/.conf_check_58221687400b7ddbaa000965d6e212cf/testbuild/testprog[0m

['/usr/bin/g++', 'test.cpp.1.o', '-o', '/home/harnen/work/ucl/timers/ns-3/build/.conf_check_58221687400b7ddbaa000965d6e212cf/testbuild/testprog', '-Wl,-Bstatic', '-Wl,-Bdynamic']
yes
------------------------------------------------------------------
Checking for header pthread.h
==>

#include <pthread.h>
int main ()
{
   pthread_mutex_t m;
   pthread_mutex_init (&m, NULL);
   return 0;
}

<==
[1/2] Compiling [32mbuild/.conf_check_978fb101c636d92bd3ff0da77273afee/test.cpp[0m

['/usr/bin/g++', '-std=c++0x', '-std=c++11', '-O0', '-ggdb', '-g3', '-Wall', '-Wno-error=deprecated-declarations', '-fstrict-aliasing', '-Wstrict-aliasing', '-pthread', '-DNS3_BUILD_PROFILE_DEBUG', '-DNS3_ASSERT_ENABLE', '-DNS3_LOG_ENABLE', '-DHAVE___UINT128_T=1', '-DINT64X64_USE_128=1', '-DHAVE_STDINT_H=1', '-DHAVE_INTTYPES_H=1', '-DHAVE_SYS_TYPES_H=1', '-DHAVE_SYS_STAT_H=1', '-DHAVE_DIRENT_H=1', '-DHAVE_STDLIB_H=1', '-DHAVE_GETENV=1', '-DHAVE_SIGNAL_H=1', '../test.cpp', '-c', '-o', '/home/harnen/work/ucl/timers/ns-3/build/.conf_check_978fb101c636d92bd3ff0da77273afee/testbuild/test.cpp.1.o']
[2/2] Linking [33mbuild/.conf_check_978fb101c636d92bd3ff0da77273afee/testbuild/testprog[0m

['/usr/bin/g++', '-pthread', 'test.cpp.1.o', '-o', '/home/harnen/work/ucl/timers/ns-3/build/.conf_check_978fb101c636d92bd3ff0da77273afee/testbuild/testprog', '-Wl,-Bstatic', '-Wl,-Bdynamic']
yes
------------------------------------------------------------------
Checking for header stdint.h
==>
#include <stdint.h>

int main(int argc, char **argv) {
	(void)argc; (void)argv;
	return 0;
}

<==
[1/2] Compiling [32mbuild/.conf_check_da6b936eb8d78f47dfe148786f2f1a20/test.cpp[0m

['/usr/bin/g++', '-std=c++0x', '-std=c++11', '-O0', '-ggdb', '-g3', '-Wall', '-Wno-error=deprecated-declarations', '-fstrict-aliasing', '-Wstrict-aliasing', '-DNS3_BUILD_PROFILE_DEBUG', '-DNS3_ASSERT_ENABLE', '-DNS3_LOG_ENABLE', '-DHAVE___UINT128_T=1', '-DINT64X64_USE_128=1', '-DHAVE_INTTYPES_H=1', '-DHAVE_SYS_TYPES_H=1', '-DHAVE_SYS_STAT_H=1', '-DHAVE_DIRENT_H=1', '-DHAVE_STDLIB_H=1', '-DHAVE_GETENV=1', '-DHAVE_SIGNAL_H=1', '-DHAVE_PTHREAD_H=1', '../test.cpp', '-c', '-o', '/home/harnen/work/ucl/timers/ns-3/build/.conf_check_da6b936eb8d78f47dfe148786f2f1a20/testbuild/test.cpp.1.o']
[2/2] Linking [33mbuild/.conf_check_da6b936eb8d78f47dfe148786f2f1a20/testbuild/testprog[0m

['/usr/bin/g++', 'test.cpp.1.o', '-o', '/home/harnen/work/ucl/timers/ns-3/build/.conf_check_da6b936eb8d78f47dfe148786f2f1a20/testbuild/testprog', '-Wl,-Bstatic', '-Wl,-Bdynamic']
yes
------------------------------------------------------------------
Checking for header inttypes.h
==>
#include <inttypes.h>

int main(int argc, char **argv) {
	(void)argc; (void)argv;
	return 0;
}

<==
[1/2] Compiling [32mbuild/.conf_check_66692ff407313e8a0a6a5cc09ecfd8b3/test.cpp[0m

['/usr/bin/g++', '-std=c++0x', '-std=c++11', '-O0', '-ggdb', '-g3', '-Wall', '-Wno-error=deprecated-declarations', '-fstrict-aliasing', '-Wstrict-aliasing', '-DNS3_BUILD_PROFILE_DEBUG', '-DNS3_ASSERT_ENABLE', '-DNS3_LOG_ENABLE', '-DHAVE___UINT128_T=1', '-DINT64X64_USE_128=1', '-DHAVE_SYS_TYPES_H=1', '-DHAVE_SYS_STAT_H=1', '-DHAVE_DIRENT_H=1', '-DHAVE_STDLIB_H=1', '-DHAVE_GETENV=1', '-DHAVE_SIGNAL_H=1', '-DHAVE_PTHREAD_H=1', '-DHAVE_STDINT_H=1', '../test.cpp', '-c', '-o', '/home/harnen/work/ucl/timers/ns-3/build/.conf_check_66692ff407313e8a0a6a5cc09ecfd8b3/testbuild/test.cpp.1.o']
[2/2] Linking [33mbuild/.conf_check_66692ff407313e8a0a6a5cc09ecfd8b3/testbuild/testprog[0m

['/usr/bin/g++', 'test.cpp.1.o', '-o', '/home/harnen/work/ucl/timers/ns-3/build/.conf_check_66692ff407313e8a0a6a5cc09ecfd8b3/testbuild/testprog', '-Wl,-Bstatic', '-Wl,-Bdynamic']
yes
------------------------------------------------------------------
Checking for header sys/inttypes.h
==>
#include <sys/inttypes.h>

int main(int argc, char **argv) {
	(void)argc; (void)argv;
	return 0;
}

<==
[1/2] Compiling [32mbuild/.conf_check_f63e3fb717ad01d0d204287c4eee5c60/test.cpp[0m

['/usr/bin/g++', '-std=c++0x', '-std=c++11', '-O0', '-ggdb', '-g3', '-Wall', '-Wno-error=deprecated-declarations', '-fstrict-aliasing', '-Wstrict-aliasing', '-DNS3_BUILD_PROFILE_DEBUG', '-DNS3_ASSERT_ENABLE', '-DNS3_LOG_ENABLE', '-DHAVE___UINT128_T=1', '-DINT64X64_USE_128=1', '-DHAVE_SYS_TYPES_H=1', '-DHAVE_SYS_STAT_H=1', '-DHAVE_DIRENT_H=1', '-DHAVE_STDLIB_H=1', '-DHAVE_GETENV=1', '-DHAVE_SIGNAL_H=1', '-DHAVE_PTHREAD_H=1', '-DHAVE_STDINT_H=1', '-DHAVE_INTTYPES_H=1', '../test.cpp', '-c', '-o', '/home/harnen/work/ucl/timers/ns-3/build/.conf_check_f63e3fb717ad01d0d204287c4eee5c60/testbuild/test.cpp.1.o']
err: ../test.cpp:1:10: fatal error: sys/inttypes.h: No such file or directory
 #include <sys/inttypes.h>
          ^~~~~~~~~~~~~~~~
compilation terminated.

from /home/harnen/work/ucl/timers/ns-3/src/core: Test does not build: Traceback (most recent call last):
  File "/home/harnen/work/ucl/timers/ns-3/.waf-1.8.12-f00e5b53f6bbeab1384a38c9cc5d51f7/waflib/Configure.py", line 339, in run_build
    bld.compile()
  File "/home/harnen/work/ucl/timers/ns-3/.waf-1.8.12-f00e5b53f6bbeab1384a38c9cc5d51f7/waflib/Build.py", line 182, in compile
    raise Errors.BuildError(self.producer.error)
BuildError: Build failed
 -> task in 'testprog' failed (exit status 1): 
	{task 139735796002320: cxx test.cpp -> test.cpp.1.o}
['/usr/bin/g++', '-std=c++0x', '-std=c++11', '-O0', '-ggdb', '-g3', '-Wall', '-Wno-error=deprecated-declarations', '-fstrict-aliasing', '-Wstrict-aliasing', '-DNS3_BUILD_PROFILE_DEBUG', '-DNS3_ASSERT_ENABLE', '-DNS3_LOG_ENABLE', '-DHAVE___UINT128_T=1', '-DINT64X64_USE_128=1', '-DHAVE_SYS_TYPES_H=1', '-DHAVE_SYS_STAT_H=1', '-DHAVE_DIRENT_H=1', '-DHAVE_STDLIB_H=1', '-DHAVE_GETENV=1', '-DHAVE_SIGNAL_H=1', '-DHAVE_PTHREAD_H=1', '-DHAVE_STDINT_H=1', '-DHAVE_INTTYPES_H=1', '../test.cpp', '-c', '-o', '/home/harnen/work/ucl/timers/ns-3/build/.conf_check_f63e3fb717ad01d0d204287c4eee5c60/testbuild/test.cpp.1.o']

not found
from /home/harnen/work/ucl/timers/ns-3/src/core: The configuration failed
------------------------------------------------------------------
Checking for library rt
==>

int main(int argc, char **argv) {
	(void)argc; (void)argv;
	return 0;
}

<==
[1/2] Compiling [32mbuild/.conf_check_6c48e1cd7462eef65cec2ae927242223/test.cpp[0m

['/usr/bin/g++', '-std=c++0x', '-std=c++11', '-O0', '-ggdb', '-g3', '-Wall', '-Wno-error=deprecated-declarations', '-fstrict-aliasing', '-Wstrict-aliasing', '-pthread', '-DNS3_BUILD_PROFILE_DEBUG', '-DNS3_ASSERT_ENABLE', '-DNS3_LOG_ENABLE', '-DHAVE___UINT128_T=1', '-DINT64X64_USE_128=1', '-DHAVE_SYS_TYPES_H=1', '-DHAVE_SYS_STAT_H=1', '-DHAVE_DIRENT_H=1', '-DHAVE_STDLIB_H=1', '-DHAVE_GETENV=1', '-DHAVE_SIGNAL_H=1', '-DHAVE_PTHREAD_H=1', '-DHAVE_STDINT_H=1', '-DHAVE_INTTYPES_H=1', '../test.cpp', '-c', '-o', '/home/harnen/work/ucl/timers/ns-3/build/.conf_check_6c48e1cd7462eef65cec2ae927242223/testbuild/test.cpp.1.o']
[2/2] Linking [33mbuild/.conf_check_6c48e1cd7462eef65cec2ae927242223/testbuild/testprog[0m

['/usr/bin/g++', '-pthread', 'test.cpp.1.o', '-o', '/home/harnen/work/ucl/timers/ns-3/build/.conf_check_6c48e1cd7462eef65cec2ae927242223/testbuild/testprog', '-Wl,-Bstatic', '-Wl,-Bdynamic', '-lrt']
yes
------------------------------------------------------------------
Checking for header sys/ioctl.h
==>
#include <sys/ioctl.h>

int main(int argc, char **argv) {
	(void)argc; (void)argv;
	return 0;
}

<==
[1/2] Compiling [32mbuild/.conf_check_00f282916a177cf46ece161d955b3ab1/test.cpp[0m

['/usr/bin/g++', '-std=c++0x', '-std=c++11', '-O0', '-ggdb', '-g3', '-Wall', '-Wno-error=deprecated-declarations', '-fstrict-aliasing', '-Wstrict-aliasing', '-DNS3_BUILD_PROFILE_DEBUG', '-DNS3_ASSERT_ENABLE', '-DNS3_LOG_ENABLE', '../test.cpp', '-c', '-o', '/home/harnen/work/ucl/timers/ns-3/build/.conf_check_00f282916a177cf46ece161d955b3ab1/testbuild/test.cpp.1.o']
[2/2] Linking [33mbuild/.conf_check_00f282916a177cf46ece161d955b3ab1/testbuild/testprog[0m

['/usr/bin/g++', 'test.cpp.1.o', '-o', '/home/harnen/work/ucl/timers/ns-3/build/.conf_check_00f282916a177cf46ece161d955b3ab1/testbuild/testprog', '-Wl,-Bstatic', '-Wl,-Bdynamic']
yes
------------------------------------------------------------------
Checking for header net/if.h
==>
#include <net/if.h>

int main(int argc, char **argv) {
	(void)argc; (void)argv;
	return 0;
}

<==
[1/2] Compiling [32mbuild/.conf_check_d8dee61e0c07468b2e10b2dc5a11d6aa/test.cpp[0m

['/usr/bin/g++', '-std=c++0x', '-std=c++11', '-O0', '-ggdb', '-g3', '-Wall', '-Wno-error=deprecated-declarations', '-fstrict-aliasing', '-Wstrict-aliasing', '-DNS3_BUILD_PROFILE_DEBUG', '-DNS3_ASSERT_ENABLE', '-DNS3_LOG_ENABLE', '-DHAVE_SYS_IOCTL_H=1', '../test.cpp', '-c', '-o', '/home/harnen/work/ucl/timers/ns-3/build/.conf_check_d8dee61e0c07468b2e10b2dc5a11d6aa/testbuild/test.cpp.1.o']
[2/2] Linking [33mbuild/.conf_check_d8dee61e0c07468b2e10b2dc5a11d6aa/testbuild/testprog[0m

['/usr/bin/g++', 'test.cpp.1.o', '-o', '/home/harnen/work/ucl/timers/ns-3/build/.conf_check_d8dee61e0c07468b2e10b2dc5a11d6aa/testbuild/testprog', '-Wl,-Bstatic', '-Wl,-Bdynamic']
yes
------------------------------------------------------------------
Checking for header net/ethernet.h
==>
#include <net/ethernet.h>

int main(int argc, char **argv) {
	(void)argc; (void)argv;
	return 0;
}

<==
[1/2] Compiling [32mbuild/.conf_check_65c2df0cdbb44b4fa2b66c60fc6a9a3a/test.cpp[0m

['/usr/bin/g++', '-std=c++0x', '-std=c++11', '-O0', '-ggdb', '-g3', '-Wall', '-Wno-error=deprecated-declarations', '-fstrict-aliasing', '-Wstrict-aliasing', '-DNS3_BUILD_PROFILE_DEBUG', '-DNS3_ASSERT_ENABLE', '-DNS3_LOG_ENABLE', '-DHAVE_SYS_IOCTL_H=1', '-DHAVE_IF_NETS_H=1', '../test.cpp', '-c', '-o', '/home/harnen/work/ucl/timers/ns-3/build/.conf_check_65c2df0cdbb44b4fa2b66c60fc6a9a3a/testbuild/test.cpp.1.o']
[2/2] Linking [33mbuild/.conf_check_65c2df0cdbb44b4fa2b66c60fc6a9a3a/testbuild/testprog[0m

['/usr/bin/g++', 'test.cpp.1.o', '-o', '/home/harnen/work/ucl/timers/ns-3/build/.conf_check_65c2df0cdbb44b4fa2b66c60fc6a9a3a/testbuild/testprog', '-Wl,-Bstatic', '-Wl,-Bdynamic']
yes
------------------------------------------------------------------
Checking for header linux/if_tun.h
==>
#include <linux/if_tun.h>

int main(int argc, char **argv) {
	(void)argc; (void)argv;
	return 0;
}

<==
[1/2] Compiling [32mbuild/.conf_check_05369467b389f60d3003d894194c01ab/test.cpp[0m

['/usr/bin/g++', '-std=c++0x', '-std=c++11', '-O0', '-ggdb', '-g3', '-Wall', '-Wno-error=deprecated-declarations', '-fstrict-aliasing', '-Wstrict-aliasing', '-DNS3_BUILD_PROFILE_DEBUG', '-DNS3_ASSERT_ENABLE', '-DNS3_LOG_ENABLE', '-DHAVE_SYS_IOCTL_H=1', '-DHAVE_IF_NETS_H=1', '-DHAVE_NET_ETHERNET_H=1', '../test.cpp', '-c', '-o', '/home/harnen/work/ucl/timers/ns-3/build/.conf_check_05369467b389f60d3003d894194c01ab/testbuild/test.cpp.1.o']
[2/2] Linking [33mbuild/.conf_check_05369467b389f60d3003d894194c01ab/testbuild/testprog[0m

['/usr/bin/g++', 'test.cpp.1.o', '-o', '/home/harnen/work/ucl/timers/ns-3/build/.conf_check_05369467b389f60d3003d894194c01ab/testbuild/testprog', '-Wl,-Bstatic', '-Wl,-Bdynamic']
yes
------------------------------------------------------------------
Checking for header netpacket/packet.h
==>
#include <netpacket/packet.h>

int main(int argc, char **argv) {
	(void)argc; (void)argv;
	return 0;
}

<==
[1/2] Compiling [32mbuild/.conf_check_7f46467654947b4db76ad9e4bc5ea7da/test.cpp[0m

['/usr/bin/g++', '-std=c++0x', '-std=c++11', '-O0', '-ggdb', '-g3', '-Wall', '-Wno-error=deprecated-declarations', '-fstrict-aliasing', '-Wstrict-aliasing', '-DNS3_BUILD_PROFILE_DEBUG', '-DNS3_ASSERT_ENABLE', '-DNS3_LOG_ENABLE', '-DHAVE_SYS_IOCTL_H=1', '-DHAVE_IF_NETS_H=1', '-DHAVE_NET_ETHERNET_H=1', '-DHAVE_IF_TUN_H=1', '../test.cpp', '-c', '-o', '/home/harnen/work/ucl/timers/ns-3/build/.conf_check_7f46467654947b4db76ad9e4bc5ea7da/testbuild/test.cpp.1.o']
[2/2] Linking [33mbuild/.conf_check_7f46467654947b4db76ad9e4bc5ea7da/testbuild/testprog[0m

['/usr/bin/g++', 'test.cpp.1.o', '-o', '/home/harnen/work/ucl/timers/ns-3/build/.conf_check_7f46467654947b4db76ad9e4bc5ea7da/testbuild/testprog', '-Wl,-Bstatic', '-Wl,-Bdynamic']
yes
------------------------------------------------------------------
Checking for NSC location
not found
------------------------------------------------------------------
Checking for program 'doxygen'
/usr/bin/doxygen
find program=['doxygen'] paths=['/home/harnen/.yarn/bin', '/usr/local/sbin', '/usr/local/bin', '/usr/sbin', '/usr/bin', '/sbin', '/bin', '/usr/games', '/usr/local/games', '/snap/bin', '/home/harnen/Downloads/eclipse', '/home/harnen/go/bin', '/usr/local/go/bin', '/home/harnen/work/ucl/blockchain/node-v6.11.0-linux-x64/bin', '/home/harnen/Desktop/SGX/sgxsdk/bin', '/home/harnen/Desktop/SGX/sgxsdk/bin/x64'] var='DOXYGEN' -> ['/usr/bin/doxygen']
------------------------------------------------------------------
Checking for program 'tar'
/bin/tar
find program=['tar'] paths=['/home/harnen/.yarn/bin', '/usr/local/sbin', '/usr/local/bin', '/usr/sbin', '/usr/bin', '/sbin', '/bin', '/usr/games', '/usr/local/games', '/snap/bin', '/home/harnen/Downloads/eclipse', '/home/harnen/go/bin', '/usr/local/go/bin', '/home/harnen/work/ucl/blockchain/node-v6.11.0-linux-x64/bin', '/home/harnen/Desktop/SGX/sgxsdk/bin', '/home/harnen/Desktop/SGX/sgxsdk/bin/x64'] var='TAR' -> ['/bin/tar']
------------------------------------------------------------------
Checking for program 'sphinx-build'
/usr/bin/sphinx-build
find program=['sphinx-build'] paths=['/home/harnen/.yarn/bin', '/usr/local/sbin', '/usr/local/bin', '/usr/sbin', '/usr/bin', '/sbin', '/bin', '/usr/games', '/usr/local/games', '/snap/bin', '/home/harnen/Downloads/eclipse', '/home/harnen/go/bin', '/usr/local/go/bin', '/home/harnen/work/ucl/blockchain/node-v6.11.0-linux-x64/bin', '/home/harnen/Desktop/SGX/sgxsdk/bin', '/home/harnen/Desktop/SGX/sgxsdk/bin/x64'] var='SPHINX_BUILD' -> ['/usr/bin/sphinx-build']
------------------------------------------------------------------
Checking for std::is_default_constructible
==>
#include <type_traits>
static_assert(std::is_default_constructible<int>::value, "");
<==
[1/1] Compiling [32mbuild/.conf_check_61b008e064f6f9cb1cd9ee5ce5d3b238/test.cpp[0m

['/usr/bin/g++', '-std=c++0x', '-std=c++11', '-O0', '-ggdb', '-g3', '-Wall', '-Wno-error=deprecated-declarations', '-fstrict-aliasing', '-Wstrict-aliasing', '-DNS3_BUILD_PROFILE_DEBUG', '-DNS3_ASSERT_ENABLE', '-DNS3_LOG_ENABLE', '-DHAVE_SYS_IOCTL_H=1', '-DHAVE_IF_NETS_H=1', '-DHAVE_NET_ETHERNET_H=1', '-DHAVE_IF_TUN_H=1', '-DHAVE_PACKET_H=1', '../test.cpp', '-c', '-o', '/home/harnen/work/ucl/timers/ns-3/build/.conf_check_61b008e064f6f9cb1cd9ee5ce5d3b238/testbuild/test.cpp.1.o']
yes
------------------------------------------------------------------
Checking for std::is_nothrow_move_constructible
==>
#include <type_traits>
static_assert(std::is_nothrow_move_constructible<int>::value, "");
<==
[1/1] Compiling [32mbuild/.conf_check_0ada9ee347496d04f19917a00367c211/test.cpp[0m

['/usr/bin/g++', '-std=c++0x', '-std=c++11', '-O0', '-ggdb', '-g3', '-Wall', '-Wno-error=deprecated-declarations', '-fstrict-aliasing', '-Wstrict-aliasing', '-DNS3_BUILD_PROFILE_DEBUG', '-DNS3_ASSERT_ENABLE', '-DNS3_LOG_ENABLE', '-DHAVE_SYS_IOCTL_H=1', '-DHAVE_IF_NETS_H=1', '-DHAVE_NET_ETHERNET_H=1', '-DHAVE_IF_TUN_H=1', '-DHAVE_PACKET_H=1', '-DHAVE_IS_DEFAULT_CONSTRUCTIBLE=1', '../test.cpp', '-c', '-o', '/home/harnen/work/ucl/timers/ns-3/build/.conf_check_0ada9ee347496d04f19917a00367c211/testbuild/test.cpp.1.o']
yes
------------------------------------------------------------------
Checking for std::is_nothrow_move_assignable
==>
#include <type_traits>
static_assert(std::is_nothrow_move_assignable<int>::value, "");
<==
[1/1] Compiling [32mbuild/.conf_check_ea8220e87c767716adc201894af54406/test.cpp[0m

['/usr/bin/g++', '-std=c++0x', '-std=c++11', '-O0', '-ggdb', '-g3', '-Wall', '-Wno-error=deprecated-declarations', '-fstrict-aliasing', '-Wstrict-aliasing', '-DNS3_BUILD_PROFILE_DEBUG', '-DNS3_ASSERT_ENABLE', '-DNS3_LOG_ENABLE', '-DHAVE_SYS_IOCTL_H=1', '-DHAVE_IF_NETS_H=1', '-DHAVE_NET_ETHERNET_H=1', '-DHAVE_IF_TUN_H=1', '-DHAVE_PACKET_H=1', '-DHAVE_IS_DEFAULT_CONSTRUCTIBLE=1', '-DHAVE_IS_NOTHROW_MOVE_CONSTRUCTIBLE=1', '../test.cpp', '-c', '-o', '/home/harnen/work/ucl/timers/ns-3/build/.conf_check_ea8220e87c767716adc201894af54406/testbuild/test.cpp.1.o']
yes
------------------------------------------------------------------
Checking for std::to_string
==>

#include <string>
int
main()
{
  std::string s = std::to_string(0);
  s = std::to_string(0l);
  s = std::to_string(0ll);
  s = std::to_string(0u);
  s = std::to_string(0ul);
  s = std::to_string(0ull);
  s = std::to_string(0.0f);
  s = std::to_string(0.0);
  s = std::to_string(0.0l);
  s.clear();
}

<==
[1/1] Compiling [32mbuild/.conf_check_a09efcb8bc25f54abf5613784999586d/test.cpp[0m

['/usr/bin/g++', '-std=c++0x', '-std=c++11', '-O0', '-ggdb', '-g3', '-Wall', '-Wno-error=deprecated-declarations', '-fstrict-aliasing', '-Wstrict-aliasing', '-DNS3_BUILD_PROFILE_DEBUG', '-DNS3_ASSERT_ENABLE', '-DNS3_LOG_ENABLE', '-DHAVE_SYS_IOCTL_H=1', '-DHAVE_IF_NETS_H=1', '-DHAVE_NET_ETHERNET_H=1', '-DHAVE_IF_TUN_H=1', '-DHAVE_PACKET_H=1', '-DHAVE_IS_DEFAULT_CONSTRUCTIBLE=1', '-DHAVE_IS_NOTHROW_MOVE_CONSTRUCTIBLE=1', '-DHAVE_IS_NOTHROW_MOVE_ASSIGNABLE=1', '../test.cpp', '-c', '-o', '/home/harnen/work/ucl/timers/ns-3/build/.conf_check_a09efcb8bc25f54abf5613784999586d/testbuild/test.cpp.1.o']
yes
------------------------------------------------------------------
Checking for std::vector::insert with const_iterator
==>

#include <vector>
int
main()
{
  std::vector<int> v;
  std::vector<int>::const_iterator it = v.cbegin();

  v.insert(it, 2);
  it = v.cend() - 1;
  v.erase(it);
}

<==
[1/1] Compiling [32mbuild/.conf_check_a29e5a6b4fb2e45565d17befcfccf40c/test.cpp[0m

['/usr/bin/g++', '-std=c++0x', '-std=c++11', '-O0', '-ggdb', '-g3', '-Wall', '-Wno-error=deprecated-declarations', '-fstrict-aliasing', '-Wstrict-aliasing', '-DNS3_BUILD_PROFILE_DEBUG', '-DNS3_ASSERT_ENABLE', '-DNS3_LOG_ENABLE', '-DHAVE_SYS_IOCTL_H=1', '-DHAVE_IF_NETS_H=1', '-DHAVE_NET_ETHERNET_H=1', '-DHAVE_IF_TUN_H=1', '-DHAVE_PACKET_H=1', '-DHAVE_IS_DEFAULT_CONSTRUCTIBLE=1', '-DHAVE_IS_NOTHROW_MOVE_CONSTRUCTIBLE=1', '-DHAVE_IS_NOTHROW_MOVE_ASSIGNABLE=1', '-DHAVE_STD_TO_STRING=1', '../test.cpp', '-c', '-o', '/home/harnen/work/ucl/timers/ns-3/build/.conf_check_a29e5a6b4fb2e45565d17befcfccf40c/testbuild/test.cpp.1.o']
yes
------------------------------------------------------------------
Checking for library pthread
==>

int main(int argc, char **argv) {
	(void)argc; (void)argv;
	return 0;
}

<==
[1/2] Compiling [32mbuild/.conf_check_2462ed5db17b401cab2e3822f44122d1/test.cpp[0m

['/usr/bin/g++', '-std=c++0x', '-std=c++11', '-O0', '-ggdb', '-g3', '-Wall', '-Wno-error=deprecated-declarations', '-fstrict-aliasing', '-Wstrict-aliasing', '-DNS3_BUILD_PROFILE_DEBUG', '-DNS3_ASSERT_ENABLE', '-DNS3_LOG_ENABLE', '-DHAVE_SYS_IOCTL_H=1', '-DHAVE_IF_NETS_H=1', '-DHAVE_NET_ETHERNET_H=1', '-DHAVE_IF_TUN_H=1', '-DHAVE_PACKET_H=1', '-DHAVE_IS_DEFAULT_CONSTRUCTIBLE=1', '-DHAVE_IS_NOTHROW_MOVE_CONSTRUCTIBLE=1', '-DHAVE_IS_NOTHROW_MOVE_ASSIGNABLE=1', '-DHAVE_STD_TO_STRING=1', '-DHAVE_VECTOR_INSERT_ERASE_CONST_ITERATOR=1', '../test.cpp', '-c', '-o', '/home/harnen/work/ucl/timers/ns-3/build/.conf_check_2462ed5db17b401cab2e3822f44122d1/testbuild/test.cpp.1.o']
[2/2] Linking [33mbuild/.conf_check_2462ed5db17b401cab2e3822f44122d1/testbuild/testprog[0m

['/usr/bin/g++', 'test.cpp.1.o', '-o', '/home/harnen/work/ucl/timers/ns-3/build/.conf_check_2462ed5db17b401cab2e3822f44122d1/testbuild/testprog', '-Wl,-Bstatic', '-Wl,-Bdynamic', '-lpthread']
yes
------------------------------------------------------------------
Checking for 'sqlite3'
['/usr/bin/pkg-config', '--cflags', '--libs', 'sqlite3']
out: -lsqlite3

yes
------------------------------------------------------------------
Checking Crypto++ lib
5.6.4
------------------------------------------------------------------
Checking if CryptoPP library works
==>

#include "../../src/ndnSIM/ndn-cxx/src/security/v1/cryptopp.hpp"
#include <iostream>

int
main()
{
  using namespace CryptoPP;

  std::string buffer = "Lorem ipsum dolor sit amet, consectetur adipiscing elit.";
  SHA256 hash;
  StringSource(buffer, true, new HashFilter(hash, new FileSink(std::cout)));
  StringSource(reinterpret_cast<const uint8_t*>(buffer.c_str()), buffer.size(),
               true, new HashFilter(hash, new FileSink(std::cout)));
}

<==
[1/2] Compiling [32mbuild/.conf_check_9cb445919f1a8daab515e986f2148001/test.cpp[0m

['/usr/bin/g++', '-std=c++0x', '-std=c++11', '-O0', '-ggdb', '-g3', '-Wall', '-Wno-error=deprecated-declarations', '-fstrict-aliasing', '-Wstrict-aliasing', '-pthread', '-I/usr/include', '-DNS3_BUILD_PROFILE_DEBUG', '-DNS3_ASSERT_ENABLE', '-DNS3_LOG_ENABLE', '-DHAVE_SYS_IOCTL_H=1', '-DHAVE_IF_NETS_H=1', '-DHAVE_NET_ETHERNET_H=1', '-DHAVE_IF_TUN_H=1', '-DHAVE_PACKET_H=1', '-DHAVE_IS_DEFAULT_CONSTRUCTIBLE=1', '-DHAVE_IS_NOTHROW_MOVE_CONSTRUCTIBLE=1', '-DHAVE_IS_NOTHROW_MOVE_ASSIGNABLE=1', '-DHAVE_STD_TO_STRING=1', '-DHAVE_VECTOR_INSERT_ERASE_CONST_ITERATOR=1', '-DHAVE_PTHREAD=1', '-DHAVE_SQLITE3=1', '../test.cpp', '-c', '-o', '/home/harnen/work/ucl/timers/ns-3/build/.conf_check_9cb445919f1a8daab515e986f2148001/testbuild/test.cpp.1.o']
[2/2] Linking [33mbuild/.conf_check_9cb445919f1a8daab515e986f2148001/testbuild/testprog[0m

['/usr/bin/g++', '-pthread', 'test.cpp.1.o', '-o', '/home/harnen/work/ucl/timers/ns-3/build/.conf_check_9cb445919f1a8daab515e986f2148001/testbuild/testprog', '-Wl,-Bstatic', '-Wl,-Bdynamic', '-L/usr/lib', '-lcryptopp', '-lpthread']
yes
------------------------------------------------------------------
Checking for OpenSSL lib
"OpenSSL 1.0.2g-fips  1 Mar 2016"
------------------------------------------------------------------
Checking if OpenSSL library works
==>

int main(int argc, char **argv) {
	(void)argc; (void)argv;
	return 0;
}

<==
[1/2] Compiling [32mbuild/.conf_check_f72daa680bfdae50300cd06d5c754b92/test.cpp[0m

['/usr/bin/g++', '-std=c++0x', '-std=c++11', '-O0', '-ggdb', '-g3', '-Wall', '-Wno-error=deprecated-declarations', '-fstrict-aliasing', '-Wstrict-aliasing', '-I/usr/include', '-DNS3_BUILD_PROFILE_DEBUG', '-DNS3_ASSERT_ENABLE', '-DNS3_LOG_ENABLE', '-DHAVE_SYS_IOCTL_H=1', '-DHAVE_IF_NETS_H=1', '-DHAVE_NET_ETHERNET_H=1', '-DHAVE_IF_TUN_H=1', '-DHAVE_PACKET_H=1', '-DHAVE_IS_DEFAULT_CONSTRUCTIBLE=1', '-DHAVE_IS_NOTHROW_MOVE_CONSTRUCTIBLE=1', '-DHAVE_IS_NOTHROW_MOVE_ASSIGNABLE=1', '-DHAVE_STD_TO_STRING=1', '-DHAVE_VECTOR_INSERT_ERASE_CONST_ITERATOR=1', '-DHAVE_PTHREAD=1', '-DHAVE_SQLITE3=1', '../test.cpp', '-c', '-o', '/home/harnen/work/ucl/timers/ns-3/build/.conf_check_f72daa680bfdae50300cd06d5c754b92/testbuild/test.cpp.1.o']
[2/2] Linking [33mbuild/.conf_check_f72daa680bfdae50300cd06d5c754b92/testbuild/testprog[0m

['/usr/bin/g++', 'test.cpp.1.o', '-o', '/home/harnen/work/ucl/timers/ns-3/build/.conf_check_f72daa680bfdae50300cd06d5c754b92/testbuild/testprog', '-Wl,-Bstatic', '-Wl,-Bdynamic', '-L/usr/lib', '-lssl', '-lcrypto']
yes
------------------------------------------------------------------
Checking for OpenFlow location
not found
------------------------------------------------------------------
Checking for 'sqlite3'
['/usr/bin/pkg-config', '--cflags', '--libs', 'sqlite3']
out: -lsqlite3

yes
------------------------------------------------------------------
Checking for header linux/if_tun.h
==>
#include <linux/if_tun.h>

int main(int argc, char **argv) {
	(void)argc; (void)argv;
	return 0;
}

<==
[1/2] Compiling [32mbuild/.conf_check_05369467b389f60d3003d894194c01ab/test.cpp[0m

['/usr/bin/g++', '-std=c++0x', '-std=c++11', '-O0', '-ggdb', '-g3', '-Wall', '-Wno-error=deprecated-declarations', '-fstrict-aliasing', '-Wstrict-aliasing', '-DNS3_BUILD_PROFILE_DEBUG', '-DNS3_ASSERT_ENABLE', '-DNS3_LOG_ENABLE', '-DHAVE_SYS_IOCTL_H=1', '-DHAVE_IF_NETS_H=1', '-DHAVE_NET_ETHERNET_H=1', '-DHAVE_PACKET_H=1', '-DHAVE_IS_DEFAULT_CONSTRUCTIBLE=1', '-DHAVE_IS_NOTHROW_MOVE_CONSTRUCTIBLE=1', '-DHAVE_IS_NOTHROW_MOVE_ASSIGNABLE=1', '-DHAVE_STD_TO_STRING=1', '-DHAVE_VECTOR_INSERT_ERASE_CONST_ITERATOR=1', '-DHAVE_PTHREAD=1', '-DHAVE_SQLITE3=1', '-DHAVE_OPENSSL=1', '../test.cpp', '-c', '-o', '/home/harnen/work/ucl/timers/ns-3/build/.conf_check_05369467b389f60d3003d894194c01ab/testbuild/test.cpp.1.o']
[2/2] Linking [33mbuild/.conf_check_05369467b389f60d3003d894194c01ab/testbuild/testprog[0m

['/usr/bin/g++', 'test.cpp.1.o', '-o', '/home/harnen/work/ucl/timers/ns-3/build/.conf_check_05369467b389f60d3003d894194c01ab/testbuild/testprog', '-Wl,-Bstatic', '-Wl,-Bdynamic']
yes
------------------------------------------------------------------
Checking for program 'sudo'
/usr/bin/sudo
find program=['sudo'] paths=['/home/harnen/.yarn/bin', '/usr/local/sbin', '/usr/local/bin', '/usr/sbin', '/usr/bin', '/sbin', '/bin', '/usr/games', '/usr/local/games', '/snap/bin', '/home/harnen/Downloads/eclipse', '/home/harnen/go/bin', '/usr/local/go/bin', '/home/harnen/work/ucl/blockchain/node-v6.11.0-linux-x64/bin', '/home/harnen/Desktop/SGX/sgxsdk/bin', '/home/harnen/Desktop/SGX/sgxsdk/bin/x64'] var='SUDO' -> ['/usr/bin/sudo']
------------------------------------------------------------------
Checking for program 'valgrind'
/usr/bin/valgrind
find program=['valgrind'] paths=['/home/harnen/.yarn/bin', '/usr/local/sbin', '/usr/local/bin', '/usr/sbin', '/usr/bin', '/sbin', '/bin', '/usr/games', '/usr/local/games', '/snap/bin', '/home/harnen/Downloads/eclipse', '/home/harnen/go/bin', '/usr/local/go/bin', '/home/harnen/work/ucl/blockchain/node-v6.11.0-linux-x64/bin', '/home/harnen/Desktop/SGX/sgxsdk/bin', '/home/harnen/Desktop/SGX/sgxsdk/bin/x64'] var='VALGRIND' -> ['/usr/bin/valgrind']
------------------------------------------------------------------
Checking for 'gsl'
['/usr/bin/pkg-config', '--cflags', '--libs', 'gsl']
err: Package gsl was not found in the pkg-config search path.
Perhaps you should add the directory containing `gsl.pc'
to the PKG_CONFIG_PATH environment variable
No package 'gsl' found

not found
from /home/harnen/work/ucl/timers/ns-3: The configuration failed
------------------------------------------------------------------
Checking for program 'doxygen'
/usr/bin/doxygen
find program=['doxygen'] paths=['/home/harnen/.yarn/bin', '/usr/local/sbin', '/usr/local/bin', '/usr/sbin', '/usr/bin', '/sbin', '/bin', '/usr/games', '/usr/local/games', '/snap/bin', '/home/harnen/Downloads/eclipse', '/home/harnen/go/bin', '/usr/local/go/bin', '/home/harnen/work/ucl/blockchain/node-v6.11.0-linux-x64/bin', '/home/harnen/Desktop/SGX/sgxsdk/bin', '/home/harnen/Desktop/SGX/sgxsdk/bin/x64'] var='DOXYGEN' -> ['/usr/bin/doxygen']
